<?xml version="1.0" encoding="UTF-8"?>
<robot generator="Robot 7.3.1 (Python 3.13.2 on win32)" generated="2025-07-11T10:26:03.723964" rpa="false" schemaversion="5">
<suite id="s1" name="Testcases" source="C:\Users\Invcuser_71\Desktop\Python_Maghavitta_automation\NidhiFinder_sanity\Testcases">
<suite id="s1-s1" name="EMIpage" source="C:\Users\Invcuser_71\Desktop\Python_Maghavitta_automation\NidhiFinder_sanity\Testcases\EMIpage.robot">
<test id="s1-s1-t1" name="Test Loan Calculator Flow" line="81">
<kw name="Setup Browser" owner="check_EMI_Calculator">
<kw name="Open Browser" owner="SeleniumLibrary">
<msg time="2025-07-11T10:26:04.165161" level="INFO">Opening browser 'chrome' to base url 'https://nidhifinder.com/'.</msg>
<arg>${URL}</arg>
<arg>${BROWSER}</arg>
<doc>Opens a new browser instance to the optional ``url``.</doc>
<status status="PASS" start="2025-07-11T10:26:04.164969" elapsed="2.619259"/>
</kw>
<kw name="Maximize Browser Window" owner="SeleniumLibrary">
<doc>Maximizes current browser window.</doc>
<status status="PASS" start="2025-07-11T10:26:06.784565" elapsed="0.182516"/>
</kw>
<kw name="Set Selenium Timeout" owner="SeleniumLibrary">
<arg>10 seconds</arg>
<doc>Sets the timeout that is used by various keywords.</doc>
<status status="PASS" start="2025-07-11T10:26:06.967265" elapsed="0.001075"/>
</kw>
<kw name="Set Selenium Speed" owner="SeleniumLibrary">
<arg>0.5</arg>
<doc>Sets the delay that is waited after each Selenium command.</doc>
<status status="PASS" start="2025-07-11T10:26:06.968494" elapsed="0.000187"/>
</kw>
<arg>${URL}</arg>
<arg>${BROWSER}</arg>
<status status="PASS" start="2025-07-11T10:26:04.163797" elapsed="2.804954"/>
</kw>
<kw name="Enter Loan Amount">
<kw name="Wait Until Element Is Visible" owner="SeleniumLibrary">
<arg>${LOAN_AMOUNT_INPUT}</arg>
<doc>Waits until the element ``locator`` is visible.</doc>
<status status="PASS" start="2025-07-11T10:26:06.969358" elapsed="1.031926"/>
</kw>
<kw name="Get WebElement" owner="SeleniumLibrary">
<msg time="2025-07-11T10:26:08.528633" level="INFO">${element} = &lt;selenium.webdriver.remote.webelement.WebElement (session="4d3516dce04568bb87314144361c5668", element="f.5B0AFB7B4AB00BFB39EE7DCCB5CA7AF8.d.FB8F0F1A5E56BC2ED370C49E551F3350.e.3")&gt;</msg>
<var>${element}</var>
<arg>${LOAN_AMOUNT_INPUT}</arg>
<doc>Returns the first WebElement matching the given ``locator``.</doc>
<status status="PASS" start="2025-07-11T10:26:08.001931" elapsed="0.526881"/>
</kw>
<kw name="Scroll To Element" owner="check_EMI_Calculator">
<kw name="Execute Javascript" owner="SeleniumLibrary">
<msg time="2025-07-11T10:26:08.531261" level="INFO">Executing JavaScript:
arguments[0].scrollIntoView({behavior: 'smooth', block: 'center'});
By using argument:
'&lt;selenium.webdriver.remote.webelement.WebElement (session="4d3516dce04568bb87314144361c5668", element="f.5B0AFB7B4AB00BFB39EE7DCCB5CA7AF8.d.FB8F0F1A5E56BC2ED370C49E551F3350.e.3")&gt;'</msg>
<arg>arguments[0].scrollIntoView({behavior: 'smooth', block: 'center'});</arg>
<arg>ARGUMENTS</arg>
<arg>${element}</arg>
<doc>Executes the given JavaScript code with possible arguments.</doc>
<status status="PASS" start="2025-07-11T10:26:08.530248" elapsed="0.520023"/>
</kw>
<kw name="Sleep" owner="BuiltIn">
<msg time="2025-07-11T10:26:09.551462" level="INFO">Slept 500 milliseconds.</msg>
<arg>0.5s</arg>
<doc>Pauses the test executed for the given time.</doc>
<status status="PASS" start="2025-07-11T10:26:09.050697" elapsed="0.500966"/>
</kw>
<arg>${element}</arg>
<status status="PASS" start="2025-07-11T10:26:08.529361" elapsed="1.022503"/>
</kw>
<kw name="Enter Value" owner="check_EMI_Calculator">
<kw name="Wait Until Element Is Visible" owner="SeleniumLibrary">
<arg>${element}</arg>
<doc>Waits until the element ``locator`` is visible.</doc>
<status status="PASS" start="2025-07-11T10:26:09.552914" elapsed="0.519831"/>
</kw>
<kw name="Execute Javascript" owner="SeleniumLibrary">
<msg time="2025-07-11T10:26:10.074257" level="INFO">Executing JavaScript:
arguments[0].value = '';
By using argument:
'&lt;selenium.webdriver.remote.webelement.WebElement (session="4d3516dce04568bb87314144361c5668", element="f.5B0AFB7B4AB00BFB39EE7DCCB5CA7AF8.d.FB8F0F1A5E56BC2ED370C49E551F3350.e.3")&gt;'</msg>
<arg>arguments[0].value = '';</arg>
<arg>ARGUMENTS</arg>
<arg>${element}</arg>
<doc>Executes the given JavaScript code with possible arguments.</doc>
<status status="PASS" start="2025-07-11T10:26:10.073191" elapsed="0.513115"/>
</kw>
<kw name="Input Text" owner="SeleniumLibrary">
<msg time="2025-07-11T10:26:10.587286" level="INFO">Typing text '100000' into text field '&lt;selenium.webdriver.remote.webelement.WebElement (session="4d3516dce04568bb87314144361c5668", element="f.5B0AFB7B4AB00BFB39EE7DCCB5CA7AF8.d.FB8F0F1A5E56BC2ED370C49E551F3350.e.3")&gt;'.</msg>
<arg>${element}</arg>
<arg>${value}</arg>
<doc>Types the given ``text`` into the text field identified by ``locator``.</doc>
<status status="PASS" start="2025-07-11T10:26:10.586743" elapsed="1.156934"/>
</kw>
<kw name="Log" owner="BuiltIn">
<msg time="2025-07-11T10:26:11.744585" level="INFO">Entered value '100000' in field 'Loan Amount'</msg>
<arg>Entered value '${value}' in field '${fieldname}'</arg>
<doc>Logs the given message with the given level.</doc>
<status status="PASS" start="2025-07-11T10:26:11.744097" elapsed="0.000651"/>
</kw>
<arg>${element}</arg>
<arg>Loan Amount</arg>
<arg>${amount}</arg>
<status status="PASS" start="2025-07-11T10:26:09.552220" elapsed="2.192735"/>
</kw>
<arg>${LOAN_AMOUNT}</arg>
<status status="PASS" start="2025-07-11T10:26:06.969097" elapsed="4.776023"/>
</kw>
<kw name="Change Tenure">
<kw name="Wait Until Element Is Visible" owner="SeleniumLibrary">
<arg>${YEAR_BUTTON}</arg>
<doc>Waits until the element ``locator`` is visible.</doc>
<status status="PASS" start="2025-07-11T10:26:11.747007" elapsed="1.050490"/>
</kw>
<kw name="Get WebElement" owner="SeleniumLibrary">
<msg time="2025-07-11T10:26:13.313443" level="INFO">${yearBtn} = &lt;selenium.webdriver.remote.webelement.WebElement (session="4d3516dce04568bb87314144361c5668", element="f.5B0AFB7B4AB00BFB39EE7DCCB5CA7AF8.d.FB8F0F1A5E56BC2ED370C49E551F3350.e.29")&gt;</msg>
<var>${yearBtn}</var>
<arg>${YEAR_BUTTON}</arg>
<doc>Returns the first WebElement matching the given ``locator``.</doc>
<status status="PASS" start="2025-07-11T10:26:12.797920" elapsed="0.515645"/>
</kw>
<kw name="Get WebElement" owner="SeleniumLibrary">
<msg time="2025-07-11T10:26:13.836354" level="INFO">${sliderTrack} = &lt;selenium.webdriver.remote.webelement.WebElement (session="4d3516dce04568bb87314144361c5668", element="f.5B0AFB7B4AB00BFB39EE7DCCB5CA7AF8.d.FB8F0F1A5E56BC2ED370C49E551F3350.e.30")&gt;</msg>
<var>${sliderTrack}</var>
<arg>${TENURE_TRACK}</arg>
<doc>Returns the first WebElement matching the given ``locator``.</doc>
<status status="PASS" start="2025-07-11T10:26:13.313939" elapsed="0.522593"/>
</kw>
<kw name="Get WebElement" owner="SeleniumLibrary">
<msg time="2025-07-11T10:26:14.363613" level="INFO">${sliderThumb} = &lt;selenium.webdriver.remote.webelement.WebElement (session="4d3516dce04568bb87314144361c5668", element="f.5B0AFB7B4AB00BFB39EE7DCCB5CA7AF8.d.FB8F0F1A5E56BC2ED370C49E551F3350.e.31")&gt;</msg>
<var>${sliderThumb}</var>
<arg>${TENURE_THUMB}</arg>
<doc>Returns the first WebElement matching the given ``locator``.</doc>
<status status="PASS" start="2025-07-11T10:26:13.836894" elapsed="0.526833"/>
</kw>
<kw name="Get WebElement" owner="SeleniumLibrary">
<msg time="2025-07-11T10:26:14.894363" level="INFO">${label} = &lt;selenium.webdriver.remote.webelement.WebElement (session="4d3516dce04568bb87314144361c5668", element="f.5B0AFB7B4AB00BFB39EE7DCCB5CA7AF8.d.FB8F0F1A5E56BC2ED370C49E551F3350.e.32")&gt;</msg>
<var>${label}</var>
<arg>${TENURE_LABEL}</arg>
<doc>Returns the first WebElement matching the given ``locator``.</doc>
<status status="PASS" start="2025-07-11T10:26:14.364087" elapsed="0.530768"/>
</kw>
<kw name="Scroll To Element" owner="check_EMI_Calculator">
<kw name="Execute Javascript" owner="SeleniumLibrary">
<msg time="2025-07-11T10:26:14.898630" level="INFO">Executing JavaScript:
arguments[0].scrollIntoView({behavior: 'smooth', block: 'center'});
By using argument:
'&lt;selenium.webdriver.remote.webelement.WebElement (session="4d3516dce04568bb87314144361c5668", element="f.5B0AFB7B4AB00BFB39EE7DCCB5CA7AF8.d.FB8F0F1A5E56BC2ED370C49E551F3350.e.29")&gt;'</msg>
<arg>arguments[0].scrollIntoView({behavior: 'smooth', block: 'center'});</arg>
<arg>ARGUMENTS</arg>
<arg>${element}</arg>
<doc>Executes the given JavaScript code with possible arguments.</doc>
<status status="PASS" start="2025-07-11T10:26:14.897292" elapsed="0.516787"/>
</kw>
<kw name="Sleep" owner="BuiltIn">
<msg time="2025-07-11T10:26:15.915230" level="INFO">Slept 500 milliseconds.</msg>
<arg>0.5s</arg>
<doc>Pauses the test executed for the given time.</doc>
<status status="PASS" start="2025-07-11T10:26:15.414540" elapsed="0.500911"/>
</kw>
<arg>${yearBtn}</arg>
<status status="PASS" start="2025-07-11T10:26:14.895820" elapsed="1.019911"/>
</kw>
<kw name="Click Element" owner="SeleniumLibrary">
<msg time="2025-07-11T10:26:15.916833" level="INFO">Clicking element '&lt;selenium.webdriver.remote.webelement.WebElement (session="4d3516dce04568bb87314144361c5668", element="f.5B0AFB7B4AB00BFB39EE7DCCB5CA7AF8.d.FB8F0F1A5E56BC2ED370C49E551F3350.e.29")&gt;'.</msg>
<arg>${yearBtn}</arg>
<doc>Click the element identified by ``locator``.</doc>
<status status="PASS" start="2025-07-11T10:26:15.916231" elapsed="0.617693"/>
</kw>
<kw name="Set Slider To Value" owner="check_EMI_Calculator">
<kw name="Convert To Number" owner="BuiltIn">
<msg time="2025-07-11T10:26:16.537028" level="INFO">${target} = 10.0</msg>
<var>${target}</var>
<arg>${target_value}</arg>
<doc>Converts the given item to a floating point number.</doc>
<status status="PASS" start="2025-07-11T10:26:16.536434" elapsed="0.000699"/>
</kw>
<kw name="Get Text" owner="SeleniumLibrary">
<msg time="2025-07-11T10:26:17.056983" level="INFO">${current_text} = 1</msg>
<var>${current_text}</var>
<arg>${label}</arg>
<doc>Returns the text value of the element identified by ``locator``.</doc>
<status status="PASS" start="2025-07-11T10:26:16.537513" elapsed="0.519624"/>
</kw>
<kw name="Remove String" owner="String">
<msg time="2025-07-11T10:26:17.059662" level="INFO">${current_text} = 1</msg>
<var>${current_text}</var>
<arg>${current_text}</arg>
<arg>%</arg>
<arg>${SPACE}</arg>
<arg>,</arg>
<doc>Removes all ``removables`` from the given ``string``.</doc>
<status status="PASS" start="2025-07-11T10:26:17.057729" elapsed="0.002100"/>
</kw>
<kw name="Strip String" owner="String">
<msg time="2025-07-11T10:26:17.061153" level="INFO">${current_text} = 1</msg>
<var>${current_text}</var>
<arg>${current_text}</arg>
<doc>Remove leading and/or trailing whitespaces from the given string.</doc>
<status status="PASS" start="2025-07-11T10:26:17.060405" elapsed="0.000873"/>
</kw>
<kw name="Run Keyword If" owner="BuiltIn">
<kw name="Convert To Number" owner="BuiltIn">
<arg>${current_text}</arg>
<doc>Converts the given item to a floating point number.</doc>
<status status="PASS" start="2025-07-11T10:26:17.063982" elapsed="0.000414"/>
</kw>
<msg time="2025-07-11T10:26:17.064642" level="INFO">${current_value} = 1.0</msg>
<var>${current_value}</var>
<arg>'${current_text}' != '${EMPTY}'</arg>
<arg>Convert To Number</arg>
<arg>${current_text}</arg>
<arg>ELSE</arg>
<arg>Set Variable</arg>
<arg>${min_val}</arg>
<doc>Runs the given keyword with the given arguments, if ``condition`` is true.</doc>
<status status="PASS" start="2025-07-11T10:26:17.061683" elapsed="0.003030"/>
</kw>
<kw name="Get Element Size" owner="SeleniumLibrary">
<msg time="2025-07-11T10:26:18.098785" level="INFO">${track_size} = (664, 34)</msg>
<var>${track_size}</var>
<arg>${slider_track}</arg>
<doc>Returns width and height of the element identified by ``locator``.</doc>
<status status="PASS" start="2025-07-11T10:26:17.065047" elapsed="1.033855"/>
</kw>
<kw name="Get Element Size" owner="SeleniumLibrary">
<msg time="2025-07-11T10:26:19.146997" level="INFO">${thumb_size} = (25, 25)</msg>
<var>${thumb_size}</var>
<arg>${slider_thumb}</arg>
<doc>Returns width and height of the element identified by ``locator``.</doc>
<status status="PASS" start="2025-07-11T10:26:18.099293" elapsed="1.047801"/>
</kw>
<kw name="Set Variable" owner="BuiltIn">
<msg time="2025-07-11T10:26:19.149377" level="INFO">${track_width} = 664</msg>
<var>${track_width}</var>
<arg>${track_size[0]}</arg>
<doc>Returns the given values which can then be assigned to a variables.</doc>
<status status="PASS" start="2025-07-11T10:26:19.147409" elapsed="0.002112"/>
</kw>
<kw name="Set Variable" owner="BuiltIn">
<msg time="2025-07-11T10:26:19.151270" level="INFO">${thumb_width} = 25</msg>
<var>${thumb_width}</var>
<arg>${thumb_size[0]}</arg>
<doc>Returns the given values which can then be assigned to a variables.</doc>
<status status="PASS" start="2025-07-11T10:26:19.149843" elapsed="0.001485"/>
</kw>
<kw name="Evaluate" owner="BuiltIn">
<msg time="2025-07-11T10:26:19.152032" level="INFO">${usable_width} = 639</msg>
<var>${usable_width}</var>
<arg>${track_width} - ${thumb_width}</arg>
<doc>Evaluates the given expression in Python and returns the result.</doc>
<status status="PASS" start="2025-07-11T10:26:19.151552" elapsed="0.000540"/>
</kw>
<kw name="Evaluate" owner="BuiltIn">
<msg time="2025-07-11T10:26:19.152736" level="INFO">${value_range} = 29</msg>
<var>${value_range}</var>
<arg>${max_val} - ${min_val}</arg>
<doc>Evaluates the given expression in Python and returns the result.</doc>
<status status="PASS" start="2025-07-11T10:26:19.152312" elapsed="0.000481"/>
</kw>
<kw name="Evaluate" owner="BuiltIn">
<msg time="2025-07-11T10:26:19.153368" level="INFO">${pixels_per_unit} = 22.03448275862069</msg>
<var>${pixels_per_unit}</var>
<arg>${usable_width} / ${value_range}</arg>
<doc>Evaluates the given expression in Python and returns the result.</doc>
<status status="PASS" start="2025-07-11T10:26:19.153008" elapsed="0.000408"/>
</kw>
<kw name="Evaluate" owner="BuiltIn">
<msg time="2025-07-11T10:26:19.155269" level="INFO">${x_offset} = 198</msg>
<var>${x_offset}</var>
<arg>int((${target} - ${current_value}) * ${pixels_per_unit})</arg>
<doc>Evaluates the given expression in Python and returns the result.</doc>
<status status="PASS" start="2025-07-11T10:26:19.153600" elapsed="0.001699"/>
</kw>
<kw name="Get Element Location" owner="Custom">
<msg time="2025-07-11T10:26:19.672829" level="INFO">${thumb_loc} = {'x': 68, 'y': 3752}</msg>
<var>${thumb_loc}</var>
<arg>${slider_thumb}</arg>
<status status="PASS" start="2025-07-11T10:26:19.155407" elapsed="0.517575"/>
</kw>
<kw name="Set Variable" owner="BuiltIn">
<msg time="2025-07-11T10:26:19.676343" level="INFO">${start_x} = 68</msg>
<var>${start_x}</var>
<arg>${thumb_loc['x']}</arg>
<doc>Returns the given values which can then be assigned to a variables.</doc>
<status status="PASS" start="2025-07-11T10:26:19.673464" elapsed="0.002965"/>
</kw>
<kw name="Set Variable" owner="BuiltIn">
<msg time="2025-07-11T10:26:19.679511" level="INFO">${start_y} = 3752</msg>
<var>${start_y}</var>
<arg>${thumb_loc['y']}</arg>
<doc>Returns the given values which can then be assigned to a variables.</doc>
<status status="PASS" start="2025-07-11T10:26:19.676722" elapsed="0.002881"/>
</kw>
<kw name="Drag And Drop By Offset" owner="SeleniumLibrary">
<arg>${slider_thumb}</arg>
<arg>${x_offset}</arg>
<arg>0</arg>
<doc>Drags the element identified with ``locator`` by ``xoffset/yoffset``.</doc>
<status status="PASS" start="2025-07-11T10:26:19.679942" elapsed="1.072447"/>
</kw>
<kw name="Sleep" owner="BuiltIn">
<msg time="2025-07-11T10:26:21.253954" level="INFO">Slept 500 milliseconds.</msg>
<arg>0.5s</arg>
<doc>Pauses the test executed for the given time.</doc>
<status status="PASS" start="2025-07-11T10:26:20.752892" elapsed="0.501356"/>
</kw>
<arg>${tenure}</arg>
<arg>${sliderTrack}</arg>
<arg>${sliderThumb}</arg>
<arg>${label}</arg>
<arg>1</arg>
<arg>30</arg>
<status status="PASS" start="2025-07-11T10:26:16.534858" elapsed="4.719633"/>
</kw>
<arg>${TENURE}</arg>
<status status="PASS" start="2025-07-11T10:26:11.746182" elapsed="9.508902"/>
</kw>
<kw name="Change Interest Rate">
<kw name="Wait Until Element Is Visible" owner="SeleniumLibrary">
<arg>${INTEREST_TRACK}</arg>
<doc>Waits until the element ``locator`` is visible.</doc>
<status status="PASS" start="2025-07-11T10:26:21.257319" elapsed="1.058122"/>
</kw>
<kw name="Get WebElement" owner="SeleniumLibrary">
<msg time="2025-07-11T10:26:22.852439" level="INFO">${sliderTrack} = &lt;selenium.webdriver.remote.webelement.WebElement (session="4d3516dce04568bb87314144361c5668", element="f.5B0AFB7B4AB00BFB39EE7DCCB5CA7AF8.d.FB8F0F1A5E56BC2ED370C49E551F3350.e.40")&gt;</msg>
<var>${sliderTrack}</var>
<arg>${INTEREST_TRACK}</arg>
<doc>Returns the first WebElement matching the given ``locator``.</doc>
<status status="PASS" start="2025-07-11T10:26:22.315892" elapsed="0.536703"/>
</kw>
<kw name="Get WebElement" owner="SeleniumLibrary">
<msg time="2025-07-11T10:26:23.375572" level="INFO">${sliderThumb} = &lt;selenium.webdriver.remote.webelement.WebElement (session="4d3516dce04568bb87314144361c5668", element="f.5B0AFB7B4AB00BFB39EE7DCCB5CA7AF8.d.FB8F0F1A5E56BC2ED370C49E551F3350.e.41")&gt;</msg>
<var>${sliderThumb}</var>
<arg>${INTEREST_THUMB}</arg>
<doc>Returns the first WebElement matching the given ``locator``.</doc>
<status status="PASS" start="2025-07-11T10:26:22.853210" elapsed="0.522535"/>
</kw>
<kw name="Get WebElement" owner="SeleniumLibrary">
<msg time="2025-07-11T10:26:23.901503" level="INFO">${label} = &lt;selenium.webdriver.remote.webelement.WebElement (session="4d3516dce04568bb87314144361c5668", element="f.5B0AFB7B4AB00BFB39EE7DCCB5CA7AF8.d.FB8F0F1A5E56BC2ED370C49E551F3350.e.42")&gt;</msg>
<var>${label}</var>
<arg>${INTEREST_LABEL}</arg>
<doc>Returns the first WebElement matching the given ``locator``.</doc>
<status status="PASS" start="2025-07-11T10:26:23.376260" elapsed="0.525363"/>
</kw>
<kw name="Set Slider To Value" owner="check_EMI_Calculator">
<kw name="Convert To Number" owner="BuiltIn">
<msg time="2025-07-11T10:26:23.904054" level="INFO">${target} = 12.5</msg>
<var>${target}</var>
<arg>${target_value}</arg>
<doc>Converts the given item to a floating point number.</doc>
<status status="PASS" start="2025-07-11T10:26:23.903553" elapsed="0.000580"/>
</kw>
<kw name="Get Text" owner="SeleniumLibrary">
<msg time="2025-07-11T10:26:24.419114" level="INFO">${current_text} = 10%</msg>
<var>${current_text}</var>
<arg>${label}</arg>
<doc>Returns the text value of the element identified by ``locator``.</doc>
<status status="PASS" start="2025-07-11T10:26:23.904425" elapsed="0.514807"/>
</kw>
<kw name="Remove String" owner="String">
<msg time="2025-07-11T10:26:24.420135" level="INFO">${current_text} = 10</msg>
<var>${current_text}</var>
<arg>${current_text}</arg>
<arg>%</arg>
<arg>${SPACE}</arg>
<arg>,</arg>
<doc>Removes all ``removables`` from the given ``string``.</doc>
<status status="PASS" start="2025-07-11T10:26:24.419619" elapsed="0.000583"/>
</kw>
<kw name="Strip String" owner="String">
<msg time="2025-07-11T10:26:24.420874" level="INFO">${current_text} = 10</msg>
<var>${current_text}</var>
<arg>${current_text}</arg>
<doc>Remove leading and/or trailing whitespaces from the given string.</doc>
<status status="PASS" start="2025-07-11T10:26:24.420482" elapsed="0.000450"/>
</kw>
<kw name="Run Keyword If" owner="BuiltIn">
<kw name="Convert To Number" owner="BuiltIn">
<arg>${current_text}</arg>
<doc>Converts the given item to a floating point number.</doc>
<status status="PASS" start="2025-07-11T10:26:24.423942" elapsed="0.000461"/>
</kw>
<msg time="2025-07-11T10:26:24.424606" level="INFO">${current_value} = 10.0</msg>
<var>${current_value}</var>
<arg>'${current_text}' != '${EMPTY}'</arg>
<arg>Convert To Number</arg>
<arg>${current_text}</arg>
<arg>ELSE</arg>
<arg>Set Variable</arg>
<arg>${min_val}</arg>
<doc>Runs the given keyword with the given arguments, if ``condition`` is true.</doc>
<status status="PASS" start="2025-07-11T10:26:24.421193" elapsed="0.003464"/>
</kw>
<kw name="Get Element Size" owner="SeleniumLibrary">
<msg time="2025-07-11T10:26:25.475720" level="INFO">${track_size} = (664, 34)</msg>
<var>${track_size}</var>
<arg>${slider_track}</arg>
<doc>Returns width and height of the element identified by ``locator``.</doc>
<status status="PASS" start="2025-07-11T10:26:24.424913" elapsed="1.050960"/>
</kw>
<kw name="Get Element Size" owner="SeleniumLibrary">
<msg time="2025-07-11T10:26:26.537252" level="INFO">${thumb_size} = (25, 25)</msg>
<var>${thumb_size}</var>
<arg>${slider_thumb}</arg>
<doc>Returns width and height of the element identified by ``locator``.</doc>
<status status="PASS" start="2025-07-11T10:26:25.476450" elapsed="1.060915"/>
</kw>
<kw name="Set Variable" owner="BuiltIn">
<msg time="2025-07-11T10:26:26.539882" level="INFO">${track_width} = 664</msg>
<var>${track_width}</var>
<arg>${track_size[0]}</arg>
<doc>Returns the given values which can then be assigned to a variables.</doc>
<status status="PASS" start="2025-07-11T10:26:26.537753" elapsed="0.002208"/>
</kw>
<kw name="Set Variable" owner="BuiltIn">
<msg time="2025-07-11T10:26:26.541591" level="INFO">${thumb_width} = 25</msg>
<var>${thumb_width}</var>
<arg>${thumb_size[0]}</arg>
<doc>Returns the given values which can then be assigned to a variables.</doc>
<status status="PASS" start="2025-07-11T10:26:26.540230" elapsed="0.001418"/>
</kw>
<kw name="Evaluate" owner="BuiltIn">
<msg time="2025-07-11T10:26:26.542766" level="INFO">${usable_width} = 639</msg>
<var>${usable_width}</var>
<arg>${track_width} - ${thumb_width}</arg>
<doc>Evaluates the given expression in Python and returns the result.</doc>
<status status="PASS" start="2025-07-11T10:26:26.542290" elapsed="0.000547"/>
</kw>
<kw name="Evaluate" owner="BuiltIn">
<msg time="2025-07-11T10:26:26.543490" level="INFO">${value_range} = 20.0</msg>
<var>${value_range}</var>
<arg>${max_val} - ${min_val}</arg>
<doc>Evaluates the given expression in Python and returns the result.</doc>
<status status="PASS" start="2025-07-11T10:26:26.543077" elapsed="0.000466"/>
</kw>
<kw name="Evaluate" owner="BuiltIn">
<msg time="2025-07-11T10:26:26.544094" level="INFO">${pixels_per_unit} = 31.95</msg>
<var>${pixels_per_unit}</var>
<arg>${usable_width} / ${value_range}</arg>
<doc>Evaluates the given expression in Python and returns the result.</doc>
<status status="PASS" start="2025-07-11T10:26:26.543745" elapsed="0.000396"/>
</kw>
<kw name="Evaluate" owner="BuiltIn">
<msg time="2025-07-11T10:26:26.545925" level="INFO">${x_offset} = 79</msg>
<var>${x_offset}</var>
<arg>int((${target} - ${current_value}) * ${pixels_per_unit})</arg>
<doc>Evaluates the given expression in Python and returns the result.</doc>
<status status="PASS" start="2025-07-11T10:26:26.544805" elapsed="0.001203"/>
</kw>
<kw name="Get Element Location" owner="Custom">
<msg time="2025-07-11T10:26:27.066467" level="INFO">${thumb_loc} = {'x': 267, 'y': 3614}</msg>
<var>${thumb_loc}</var>
<arg>${slider_thumb}</arg>
<status status="PASS" start="2025-07-11T10:26:26.546295" elapsed="0.520283"/>
</kw>
<kw name="Set Variable" owner="BuiltIn">
<msg time="2025-07-11T10:26:27.068705" level="INFO">${start_x} = 267</msg>
<var>${start_x}</var>
<arg>${thumb_loc['x']}</arg>
<doc>Returns the given values which can then be assigned to a variables.</doc>
<status status="PASS" start="2025-07-11T10:26:27.066923" elapsed="0.001841"/>
</kw>
<kw name="Set Variable" owner="BuiltIn">
<msg time="2025-07-11T10:26:27.070406" level="INFO">${start_y} = 3614</msg>
<var>${start_y}</var>
<arg>${thumb_loc['y']}</arg>
<doc>Returns the given values which can then be assigned to a variables.</doc>
<status status="PASS" start="2025-07-11T10:26:27.069014" elapsed="0.001453"/>
</kw>
<kw name="Drag And Drop By Offset" owner="SeleniumLibrary">
<arg>${slider_thumb}</arg>
<arg>${x_offset}</arg>
<arg>0</arg>
<doc>Drags the element identified with ``locator`` by ``xoffset/yoffset``.</doc>
<status status="PASS" start="2025-07-11T10:26:27.070707" elapsed="1.078138"/>
</kw>
<kw name="Sleep" owner="BuiltIn">
<msg time="2025-07-11T10:26:28.650707" level="INFO">Slept 500 milliseconds.</msg>
<arg>0.5s</arg>
<doc>Pauses the test executed for the given time.</doc>
<status status="PASS" start="2025-07-11T10:26:28.149641" elapsed="0.501329"/>
</kw>
<arg>${rate}</arg>
<arg>${sliderTrack}</arg>
<arg>${sliderThumb}</arg>
<arg>${label}</arg>
<arg>4.0</arg>
<arg>24.0</arg>
<status status="PASS" start="2025-07-11T10:26:23.902224" elapsed="4.749027"/>
</kw>
<arg>${INTEREST}</arg>
<status status="PASS" start="2025-07-11T10:26:21.256252" elapsed="7.395184"/>
</kw>
<kw name="Verify EMI Calculated">
<kw name="Wait Until Element Is Visible" owner="SeleniumLibrary">
<arg>${EMI_VALUE}</arg>
<doc>Waits until the element ``locator`` is visible.</doc>
<status status="PASS" start="2025-07-11T10:26:28.653275" elapsed="1.047152"/>
</kw>
<kw name="Get WebElement" owner="SeleniumLibrary">
<msg time="2025-07-11T10:26:30.218817" level="INFO">${emi_element} = &lt;selenium.webdriver.remote.webelement.WebElement (session="4d3516dce04568bb87314144361c5668", element="f.5B0AFB7B4AB00BFB39EE7DCCB5CA7AF8.d.FB8F0F1A5E56BC2ED370C49E551F3350.e.47")&gt;</msg>
<var>${emi_element}</var>
<arg>${EMI_VALUE}</arg>
<doc>Returns the first WebElement matching the given ``locator``.</doc>
<status status="PASS" start="2025-07-11T10:26:29.700919" elapsed="0.518075"/>
</kw>
<kw name="Scroll To Element" owner="check_EMI_Calculator">
<kw name="Execute Javascript" owner="SeleniumLibrary">
<msg time="2025-07-11T10:26:30.220957" level="INFO">Executing JavaScript:
arguments[0].scrollIntoView({behavior: 'smooth', block: 'center'});
By using argument:
'&lt;selenium.webdriver.remote.webelement.WebElement (session="4d3516dce04568bb87314144361c5668", element="f.5B0AFB7B4AB00BFB39EE7DCCB5CA7AF8.d.FB8F0F1A5E56BC2ED370C49E551F3350.e.47")&gt;'</msg>
<arg>arguments[0].scrollIntoView({behavior: 'smooth', block: 'center'});</arg>
<arg>ARGUMENTS</arg>
<arg>${element}</arg>
<doc>Executes the given JavaScript code with possible arguments.</doc>
<status status="PASS" start="2025-07-11T10:26:30.220081" elapsed="0.514223"/>
</kw>
<kw name="Sleep" owner="BuiltIn">
<msg time="2025-07-11T10:26:31.235881" level="INFO">Slept 500 milliseconds.</msg>
<arg>0.5s</arg>
<doc>Pauses the test executed for the given time.</doc>
<status status="PASS" start="2025-07-11T10:26:30.734726" elapsed="0.501430"/>
</kw>
<arg>${emi_element}</arg>
<status status="PASS" start="2025-07-11T10:26:30.219449" elapsed="1.016951"/>
</kw>
<kw name="Get Text" owner="SeleniumLibrary">
<msg time="2025-07-11T10:26:31.765256" level="INFO">${actual_emi} = ₹ 1,458</msg>
<var>${actual_emi}</var>
<arg>${emi_element}</arg>
<doc>Returns the text value of the element identified by ``locator``.</doc>
<status status="PASS" start="2025-07-11T10:26:31.236751" elapsed="0.528655"/>
</kw>
<kw name="Strip String" owner="String">
<msg time="2025-07-11T10:26:31.766140" level="INFO">${actual_emi} = ₹ 1,458</msg>
<var>${actual_emi}</var>
<arg>${actual_emi}</arg>
<doc>Remove leading and/or trailing whitespaces from the given string.</doc>
<status status="PASS" start="2025-07-11T10:26:31.765736" elapsed="0.000508"/>
</kw>
<kw name="Log" owner="BuiltIn">
<msg time="2025-07-11T10:26:31.766757" level="INFO">Actual EMI from website: ₹ 1,458</msg>
<arg>Actual EMI from website: ${actual_emi}</arg>
<doc>Logs the given message with the given level.</doc>
<status status="PASS" start="2025-07-11T10:26:31.766486" elapsed="0.000360"/>
</kw>
<kw name="Run Keyword And Return Status" owner="BuiltIn">
<kw name="Should Contain" owner="BuiltIn">
<arg>${actual_emi}</arg>
<arg>${expected_emi}</arg>
<doc>Fails if ``container`` does not contain ``item`` one or more times.</doc>
<status status="PASS" start="2025-07-11T10:26:31.767343" elapsed="0.000288"/>
</kw>
<msg time="2025-07-11T10:26:31.767798" level="INFO">${status} = True</msg>
<var>${status}</var>
<arg>Should Contain</arg>
<arg>${actual_emi}</arg>
<arg>${expected_emi}</arg>
<doc>Runs the given keyword with given arguments and returns the status as a Boolean value.</doc>
<status status="PASS" start="2025-07-11T10:26:31.767072" elapsed="0.000778"/>
</kw>
<kw name="Run Keyword If" owner="BuiltIn">
<arg>not ${status}</arg>
<arg>Fail</arg>
<arg>EMI verification failed.\nExpected: ${expected_emi}\nActual: ${actual_emi}</arg>
<doc>Runs the given keyword with the given arguments, if ``condition`` is true.</doc>
<status status="PASS" start="2025-07-11T10:26:31.768062" elapsed="0.000377"/>
</kw>
<arg>${EMI_TEXT}</arg>
<status status="PASS" start="2025-07-11T10:26:28.652518" elapsed="3.116070"/>
</kw>
<kw name="Close Browser" owner="SeleniumLibrary">
<doc>Closes the current browser.</doc>
<status status="PASS" start="2025-07-11T10:26:31.769287" elapsed="2.704875"/>
</kw>
<doc>Test entire loan calculator flow</doc>
<tag>Calculator</tag>
<status status="PASS" start="2025-07-11T10:26:04.163094" elapsed="30.313281"/>
</test>
<status status="PASS" start="2025-07-11T10:26:03.745563" elapsed="30.733653"/>
</suite>
<suite id="s1-s2" name="LoginTest" source="C:\Users\Invcuser_71\Desktop\Python_Maghavitta_automation\NidhiFinder_sanity\Testcases\LoginTest.robot">
<test id="s1-s2-t1" name="Login Test" line="44">
<kw name="Random Phone Number" owner="Homepage">
<msg time="2025-07-11T10:26:34.494774" level="INFO">${phone} = 9194447668</msg>
<var>${phone}</var>
<status status="PASS" start="2025-07-11T10:26:34.494574" elapsed="0.000237"/>
</kw>
<kw name="Set Suite Variable" owner="BuiltIn">
<msg time="2025-07-11T10:26:34.495552" level="INFO">${phone} = 9194447668</msg>
<arg>${phone}</arg>
<doc>Makes a variable available everywhere within the scope of the current suite.</doc>
<status status="PASS" start="2025-07-11T10:26:34.495332" elapsed="0.000273"/>
</kw>
<kw name="Initialize Fake Data">
<kw name="First Name" owner="FakerLibrary">
<msg time="2025-07-11T10:26:34.496857" level="INFO">${first_name} = Laura</msg>
<var>${first_name}</var>
<status status="PASS" start="2025-07-11T10:26:34.496524" elapsed="0.000368"/>
</kw>
<kw name="Last Name" owner="FakerLibrary">
<msg time="2025-07-11T10:26:34.497316" level="INFO">${last_name} = Jones</msg>
<var>${last_name}</var>
<status status="PASS" start="2025-07-11T10:26:34.497003" elapsed="0.000341"/>
</kw>
<kw name="Email" owner="FakerLibrary">
<msg time="2025-07-11T10:26:34.497813" level="INFO">${email} = williamskimberly@example.net</msg>
<var>${email}</var>
<status status="PASS" start="2025-07-11T10:26:34.497436" elapsed="0.000407"/>
</kw>
<kw name="Street Address" owner="FakerLibrary">
<msg time="2025-07-11T10:26:34.498195" level="INFO">${street} = 293 Stanley Vista Suite 871</msg>
<var>${street}</var>
<doc>:example: '791 Crist Parks'</doc>
<status status="PASS" start="2025-07-11T10:26:34.497931" elapsed="0.000288"/>
</kw>
<kw name="City" owner="FakerLibrary">
<msg time="2025-07-11T10:26:34.498480" level="INFO">${city} = Cortezland</msg>
<var>${city}</var>
<doc>:example: 'Sashabury'</doc>
<status status="PASS" start="2025-07-11T10:26:34.498299" elapsed="0.000202"/>
</kw>
<kw name="Zipcode" owner="FakerLibrary">
<msg time="2025-07-11T10:26:34.498702" level="INFO">${zipcode} = 96827</msg>
<var>${zipcode}</var>
<status status="PASS" start="2025-07-11T10:26:34.498587" elapsed="0.000136"/>
</kw>
<kw name="Company" owner="FakerLibrary">
<msg time="2025-07-11T10:26:34.498961" level="INFO">${company} = Morrison Ltd</msg>
<var>${company}</var>
<doc>:example: 'Acme Ltd'</doc>
<status status="PASS" start="2025-07-11T10:26:34.498789" elapsed="0.000191"/>
</kw>
<kw name="Job" owner="FakerLibrary">
<msg time="2025-07-11T10:26:34.499137" level="INFO">${job} = Early years teacher</msg>
<var>${job}</var>
<status status="PASS" start="2025-07-11T10:26:34.499046" elapsed="0.000109"/>
</kw>
<kw name="Credit Card Number" owner="FakerLibrary">
<msg time="2025-07-11T10:26:34.499335" level="INFO">${credit_card} = 6011730987432412</msg>
<var>${credit_card}</var>
<doc>Generate a valid credit card number.</doc>
<status status="PASS" start="2025-07-11T10:26:34.499218" elapsed="0.000135"/>
</kw>
<kw name="Set Suite Variable" owner="BuiltIn">
<msg time="2025-07-11T10:26:34.499648" level="INFO">${first_name} = Laura</msg>
<arg>${first_name}</arg>
<doc>Makes a variable available everywhere within the scope of the current suite.</doc>
<status status="PASS" start="2025-07-11T10:26:34.499530" elapsed="0.000145"/>
</kw>
<kw name="Set Suite Variable" owner="BuiltIn">
<msg time="2025-07-11T10:26:34.499855" level="INFO">${last_name} = Jones</msg>
<arg>${last_name}</arg>
<doc>Makes a variable available everywhere within the scope of the current suite.</doc>
<status status="PASS" start="2025-07-11T10:26:34.499760" elapsed="0.000122"/>
</kw>
<kw name="Set Suite Variable" owner="BuiltIn">
<msg time="2025-07-11T10:26:34.500029" level="INFO">${email} = williamskimberly@example.net</msg>
<arg>${email}</arg>
<doc>Makes a variable available everywhere within the scope of the current suite.</doc>
<status status="PASS" start="2025-07-11T10:26:34.499947" elapsed="0.000105"/>
</kw>
<kw name="Set Suite Variable" owner="BuiltIn">
<msg time="2025-07-11T10:26:34.500195" level="INFO">${street} = 293 Stanley Vista Suite 871</msg>
<arg>${street}</arg>
<doc>Makes a variable available everywhere within the scope of the current suite.</doc>
<status status="PASS" start="2025-07-11T10:26:34.500109" elapsed="0.000113"/>
</kw>
<kw name="Set Suite Variable" owner="BuiltIn">
<msg time="2025-07-11T10:26:34.500357" level="INFO">${city} = Cortezland</msg>
<arg>${city}</arg>
<doc>Makes a variable available everywhere within the scope of the current suite.</doc>
<status status="PASS" start="2025-07-11T10:26:34.500281" elapsed="0.000097"/>
</kw>
<kw name="Set Suite Variable" owner="BuiltIn">
<msg time="2025-07-11T10:26:34.500502" level="INFO">${zipcode} = 96827</msg>
<arg>${zipcode}</arg>
<doc>Makes a variable available everywhere within the scope of the current suite.</doc>
<status status="PASS" start="2025-07-11T10:26:34.500431" elapsed="0.000092"/>
</kw>
<kw name="Set Suite Variable" owner="BuiltIn">
<msg time="2025-07-11T10:26:34.500651" level="INFO">${company} = Morrison Ltd</msg>
<arg>${company}</arg>
<doc>Makes a variable available everywhere within the scope of the current suite.</doc>
<status status="PASS" start="2025-07-11T10:26:34.500578" elapsed="0.000094"/>
</kw>
<kw name="Set Suite Variable" owner="BuiltIn">
<msg time="2025-07-11T10:26:34.500795" level="INFO">${job} = Early years teacher</msg>
<arg>${job}</arg>
<doc>Makes a variable available everywhere within the scope of the current suite.</doc>
<status status="PASS" start="2025-07-11T10:26:34.500724" elapsed="0.000092"/>
</kw>
<kw name="Set Suite Variable" owner="BuiltIn">
<msg time="2025-07-11T10:26:34.500938" level="INFO">${credit_card} = 6011730987432412</msg>
<arg>${credit_card}</arg>
<doc>Makes a variable available everywhere within the scope of the current suite.</doc>
<status status="PASS" start="2025-07-11T10:26:34.500865" elapsed="0.000094"/>
</kw>
<status status="PASS" start="2025-07-11T10:26:34.496241" elapsed="0.004760"/>
</kw>
<kw name="Open Browser" owner="SeleniumLibrary">
<msg time="2025-07-11T10:26:34.501467" level="INFO">Opening browser 'chrome' to base url 'https://nidhifinder.com/'.</msg>
<arg>${URL}</arg>
<arg>${BROWSER}</arg>
<doc>Opens a new browser instance to the optional ``url``.</doc>
<status status="PASS" start="2025-07-11T10:26:34.501317" elapsed="3.596587"/>
</kw>
<kw name="Maximize Browser Window" owner="SeleniumLibrary">
<doc>Maximizes current browser window.</doc>
<status status="PASS" start="2025-07-11T10:26:38.098801" elapsed="0.536581"/>
</kw>
<kw name="Login With Credentials" owner="Loginpage_checkEligibility">
<kw name="Sleep" owner="BuiltIn">
<msg time="2025-07-11T10:26:41.638571" level="INFO">Slept 3 seconds.</msg>
<arg>3s</arg>
<doc>Pauses the test executed for the given time.</doc>
<status status="PASS" start="2025-07-11T10:26:38.637746" elapsed="3.001158"/>
</kw>
<kw name="Click Element" owner="SeleniumLibrary">
<msg time="2025-07-11T10:26:41.640238" level="INFO">Clicking element 'xpath:(//*[contains(text(),'Check Eligibility')])[1]'.</msg>
<arg>${checkEligibilityBtn_before_login}</arg>
<doc>Click the element identified by ``locator``.</doc>
<status status="PASS" start="2025-07-11T10:26:41.639523" elapsed="1.147929"/>
</kw>
<kw name="Sleep" owner="BuiltIn">
<msg time="2025-07-11T10:26:45.788654" level="INFO">Slept 3 seconds.</msg>
<arg>3s</arg>
<doc>Pauses the test executed for the given time.</doc>
<status status="PASS" start="2025-07-11T10:26:42.787977" elapsed="3.000938"/>
</kw>
<kw name="Input Text" owner="SeleniumLibrary">
<msg time="2025-07-11T10:26:45.789912" level="INFO">Typing text '9194447668' into text field 'xpath: /html/body/div/div[2]/div[2]/div/form/div/div/input'.</msg>
<arg>${number_textbox}</arg>
<arg>${phone}</arg>
<doc>Types the given ``text`` into the text field identified by ``locator``.</doc>
<status status="PASS" start="2025-07-11T10:26:45.789300" elapsed="1.645250"/>
</kw>
<kw name="Click Element" owner="SeleniumLibrary">
<msg time="2025-07-11T10:26:47.435288" level="INFO">Clicking element 'xpath://*[@id="root"]/div[2]/div[2]/div/form/button'.</msg>
<arg>${GetOTPbtn}</arg>
<doc>Click the element identified by ``locator``.</doc>
<status status="PASS" start="2025-07-11T10:26:47.434942" elapsed="1.211615"/>
</kw>
<kw name="Sleep" owner="BuiltIn">
<msg time="2025-07-11T10:26:51.648017" level="INFO">Slept 3 seconds.</msg>
<arg>3s</arg>
<doc>Pauses the test executed for the given time.</doc>
<status status="PASS" start="2025-07-11T10:26:48.647005" elapsed="3.001283"/>
</kw>
<kw name="Input Text" owner="SeleniumLibrary">
<msg time="2025-07-11T10:26:51.649200" level="INFO">Typing text '1' into text field 'xpath:(//*[@id="root"]/div[2]/div[2]/form/div[2]/input[1])'.</msg>
<arg>${Otptextbox1}</arg>
<arg>1</arg>
<doc>Types the given ``text`` into the text field identified by ``locator``.</doc>
<status status="PASS" start="2025-07-11T10:26:51.648669" elapsed="1.635032"/>
</kw>
<kw name="Input Text" owner="SeleniumLibrary">
<msg time="2025-07-11T10:26:53.284834" level="INFO">Typing text '2' into text field 'xpath:(//*[@id="root"]/div[2]/div[2]/form/div[2]/input[2])'.</msg>
<arg>${Otptextbox2}</arg>
<arg>2</arg>
<doc>Types the given ``text`` into the text field identified by ``locator``.</doc>
<status status="PASS" start="2025-07-11T10:26:53.284260" elapsed="1.586730"/>
</kw>
<kw name="Input Text" owner="SeleniumLibrary">
<msg time="2025-07-11T10:26:54.871866" level="INFO">Typing text '3' into text field 'xpath:(//*[@id="root"]/div[2]/div[2]/form/div[2]/input[3])'.</msg>
<arg>${Otptextbox3}</arg>
<arg>3</arg>
<doc>Types the given ``text`` into the text field identified by ``locator``.</doc>
<status status="PASS" start="2025-07-11T10:26:54.871406" elapsed="1.600646"/>
</kw>
<kw name="Input Text" owner="SeleniumLibrary">
<msg time="2025-07-11T10:26:56.472872" level="INFO">Typing text '4' into text field 'xpath:(//*[@id="root"]/div[2]/div[2]/form/div[2]/input[4])'.</msg>
<arg>${Otptextbox4}</arg>
<arg>4</arg>
<doc>Types the given ``text`` into the text field identified by ``locator``.</doc>
<status status="PASS" start="2025-07-11T10:26:56.472440" elapsed="1.611306"/>
</kw>
<kw name="Click Button" owner="SeleniumLibrary">
<msg time="2025-07-11T10:26:58.085240" level="INFO">Clicking button 'xpath://*[@id="root"]/div[2]/div[2]/form/button'.</msg>
<arg>${verifyOTPbtn}</arg>
<doc>Clicks the button identified by ``locator``.</doc>
<status status="PASS" start="2025-07-11T10:26:58.084362" elapsed="2.619172"/>
</kw>
<kw name="Wait Until Page Contains Element" owner="SeleniumLibrary">
<arg>${checkEligibilityBtn_before_login}</arg>
<arg>timeout=10s</arg>
<doc>Waits until the element ``locator`` appears on the current page.</doc>
<status status="PASS" start="2025-07-11T10:27:00.704092" elapsed="0.523428"/>
</kw>
<kw name="Click Element" owner="SeleniumLibrary">
<msg time="2025-07-11T10:27:01.228976" level="INFO">Clicking element 'xpath:(//*[contains(text(),'Check Eligibility')])[1]'.</msg>
<arg>${checkEligibilityBtn_before_login}</arg>
<doc>Click the element identified by ``locator``.</doc>
<status status="PASS" start="2025-07-11T10:27:01.228171" elapsed="1.124321"/>
</kw>
<kw name="Sleep" owner="BuiltIn">
<msg time="2025-07-11T10:27:05.354151" level="INFO">Slept 3 seconds.</msg>
<arg>3s</arg>
<doc>Pauses the test executed for the given time.</doc>
<status status="PASS" start="2025-07-11T10:27:02.353062" elapsed="3.001450"/>
</kw>
<kw name="Wait Until Page Contains Element" owner="SeleniumLibrary">
<arg>${Basicinformationtxt}</arg>
<arg>timeout=10s</arg>
<doc>Waits until the element ``locator`` appears on the current page.</doc>
<status status="PASS" start="2025-07-11T10:27:05.355185" elapsed="0.516046"/>
</kw>
<kw name="Click Button" owner="SeleniumLibrary">
<msg time="2025-07-11T10:27:05.873240" level="INFO">Clicking button 'xpath://*[@id="root"]/div[2]/div[2]/div[2]/form/div[8]/button'.</msg>
<arg>${BasicinformationNextbtn}</arg>
<doc>Clicks the button identified by ``locator``.</doc>
<status status="PASS" start="2025-07-11T10:27:05.872219" elapsed="2.658632"/>
</kw>
<kw name="Element Should Contain" owner="SeleniumLibrary">
<msg time="2025-07-11T10:27:09.601636" level="INFO">Element 'xpath://*[contains(text(),'PAN number is required')]' contains text 'PAN number is required'.</msg>
<arg>${panErrmsg}</arg>
<arg>PAN number is required</arg>
<doc>Verifies that element ``locator`` contains text ``expected``.</doc>
<status status="PASS" start="2025-07-11T10:27:08.531586" elapsed="1.070422"/>
</kw>
<kw name="Element Should Contain" owner="SeleniumLibrary">
<msg time="2025-07-11T10:27:10.652166" level="INFO">Element 'xpath://*[contains(text(),'Full name is required')]' contains text 'Full name is required'.</msg>
<arg>${FullnameErrmsg}</arg>
<arg>Full name is required</arg>
<doc>Verifies that element ``locator`` contains text ``expected``.</doc>
<status status="PASS" start="2025-07-11T10:27:09.602624" elapsed="1.049830"/>
</kw>
<kw name="Element Should Contain" owner="SeleniumLibrary">
<msg time="2025-07-11T10:27:11.702861" level="INFO">Element 'xpath://*[contains(text(),'Email is required')]' contains text 'Email is required'.</msg>
<arg>${Emailerrmsg}</arg>
<arg>Email is required</arg>
<doc>Verifies that element ``locator`` contains text ``expected``.</doc>
<status status="PASS" start="2025-07-11T10:27:10.652858" elapsed="1.050385"/>
</kw>
<kw name="Element Should Contain" owner="SeleniumLibrary">
<msg time="2025-07-11T10:27:12.756261" level="INFO">Element 'xpath://*[contains(text(),'Date of birth is required')]' contains text 'Date of birth is required'.</msg>
<arg>${DOBerrmsg}</arg>
<arg>Date of birth is required</arg>
<doc>Verifies that element ``locator`` contains text ``expected``.</doc>
<status status="PASS" start="2025-07-11T10:27:11.703911" elapsed="1.052727"/>
</kw>
<kw name="Input Text" owner="SeleniumLibrary">
<msg time="2025-07-11T10:27:12.760486" level="INFO">Typing text 'DMPLL9087F' into text field 'xpath://*[@id="root"]/div[2]/div[2]/div[2]/form/div[2]/input'.</msg>
<arg>${Paninputfield}</arg>
<arg>DMPLL9087F</arg>
<doc>Types the given ``text`` into the text field identified by ``locator``.</doc>
<status status="PASS" start="2025-07-11T10:27:12.757277" elapsed="1.737466"/>
</kw>
<kw name="Input Text" owner="SeleniumLibrary">
<msg time="2025-07-11T10:27:14.496053" level="INFO">Typing text 'Mohammed' into text field 'xpath://*[@id="root"]/div[2]/div[2]/div[2]/form/div[4]/input'.</msg>
<arg>${Fullnameinputfield}</arg>
<arg>Mohammed</arg>
<doc>Types the given ``text`` into the text field identified by ``locator``.</doc>
<status status="PASS" start="2025-07-11T10:27:14.495134" elapsed="1.687616"/>
</kw>
<kw name="Input Text" owner="SeleniumLibrary">
<msg time="2025-07-11T10:27:16.183771" level="INFO">Typing text 'iinvsysqa@gmail.com' into text field 'xpath://*[@id="root"]/div[2]/div[2]/div[2]/form/div[6]/input'.</msg>
<arg>${Emailinputfield}</arg>
<arg>iinvsysqa@gmail.com</arg>
<doc>Types the given ``text`` into the text field identified by ``locator``.</doc>
<status status="PASS" start="2025-07-11T10:27:16.183213" elapsed="1.685623"/>
</kw>
<kw name="Input Text" owner="SeleniumLibrary">
<msg time="2025-07-11T10:27:17.870653" level="INFO">Typing text '03042021' into text field 'xpath://*[@id="root"]/div[2]/div[2]/div[2]/form/div[5]/input'.</msg>
<arg>${DOBinputfield}</arg>
<arg>03042021</arg>
<doc>Types the given ``text`` into the text field identified by ``locator``.</doc>
<status status="PASS" start="2025-07-11T10:27:17.869655" elapsed="1.689208"/>
</kw>
<kw name="Click Button" owner="SeleniumLibrary">
<msg time="2025-07-11T10:27:19.561287" level="INFO">Clicking button 'xpath://*[@id="root"]/div[2]/div[2]/div[2]/form/div[8]/button'.</msg>
<arg>${BasicinformationNextbtn}</arg>
<doc>Clicks the button identified by ``locator``.</doc>
<status status="PASS" start="2025-07-11T10:27:19.560256" elapsed="2.684459"/>
</kw>
<kw name="Sleep" owner="BuiltIn">
<msg time="2025-07-11T10:27:25.246647" level="INFO">Slept 3 seconds.</msg>
<arg>3s</arg>
<doc>Pauses the test executed for the given time.</doc>
<status status="PASS" start="2025-07-11T10:27:22.245377" elapsed="3.001543"/>
</kw>
<kw name="Element Should Contain" owner="SeleniumLibrary">
<msg time="2025-07-11T10:27:26.298714" level="INFO">Element 'xpath://*[contains(text(),'Residency Details')]' contains text 'Residency Details'.</msg>
<arg>${ResidencyDetails}</arg>
<arg>Residency Details</arg>
<doc>Verifies that element ``locator`` contains text ``expected``.</doc>
<status status="PASS" start="2025-07-11T10:27:25.247375" elapsed="1.051633"/>
</kw>
<kw name="Click Button" owner="SeleniumLibrary">
<msg time="2025-07-11T10:27:26.300206" level="INFO">Clicking button 'xpath://*[contains(text(),'Next ')]'.</msg>
<arg>${Nextbutton}</arg>
<doc>Clicks the button identified by ``locator``.</doc>
<status status="PASS" start="2025-07-11T10:27:26.299532" elapsed="2.710172"/>
</kw>
<kw name="Element Should Contain" owner="SeleniumLibrary">
<msg time="2025-07-11T10:27:30.056050" level="INFO">Element 'xpath://*[contains(text(),'Pincode is required')]' contains text 'Pincode is required'.</msg>
<arg>${PincodeErrmsg}</arg>
<arg>Pincode is required</arg>
<doc>Verifies that element ``locator`` contains text ``expected``.</doc>
<status status="PASS" start="2025-07-11T10:27:29.010180" elapsed="1.046323"/>
</kw>
<kw name="Element Should Contain" owner="SeleniumLibrary">
<msg time="2025-07-11T10:27:31.120228" level="INFO">Element 'xpath://*[contains(text(),'Address is required')]' contains text 'Address is required'.</msg>
<arg>${AddressErrmsg}</arg>
<arg>Address is required</arg>
<doc>Verifies that element ``locator`` contains text ``expected``.</doc>
<status status="PASS" start="2025-07-11T10:27:30.057204" elapsed="1.063476"/>
</kw>
<kw name="Element Should Contain" owner="SeleniumLibrary">
<msg time="2025-07-11T10:27:32.182019" level="INFO">Element 'xpath://*[contains(text(),'State is required')]' contains text 'State is required'.</msg>
<arg>${StateErrmsg}</arg>
<arg>State is required</arg>
<doc>Verifies that element ``locator`` contains text ``expected``.</doc>
<status status="PASS" start="2025-07-11T10:27:31.121678" elapsed="1.060669"/>
</kw>
<kw name="Element Should Contain" owner="SeleniumLibrary">
<msg time="2025-07-11T10:27:33.232868" level="INFO">Element 'xpath://*[contains(text(),'Monthly income is required')]' contains text 'Monthly income is required'.</msg>
<arg>${MonthlyIcomeErrmsg}</arg>
<arg>Monthly income is required</arg>
<doc>Verifies that element ``locator`` contains text ``expected``.</doc>
<status status="PASS" start="2025-07-11T10:27:32.182904" elapsed="1.050331"/>
</kw>
<kw name="Element Should Contain" owner="SeleniumLibrary">
<msg time="2025-07-11T10:27:34.285416" level="INFO">Element 'xpath://*[contains(text(),'Last salary date is required')]' contains text 'Last salary date is required'.</msg>
<arg>${LastsalarydateErrmsg}</arg>
<arg>Last salary date is required</arg>
<doc>Verifies that element ``locator`` contains text ``expected``.</doc>
<status status="PASS" start="2025-07-11T10:27:33.234152" elapsed="1.051679"/>
</kw>
<kw name="Element Should Contain" owner="SeleniumLibrary">
<msg time="2025-07-11T10:27:35.342644" level="INFO">Element 'xpath://*[contains(text(),'Loan amount is required')]' contains text 'Loan amount is required'.</msg>
<arg>${LoanamountErrmsg}</arg>
<arg>Loan amount is required</arg>
<doc>Verifies that element ``locator`` contains text ``expected``.</doc>
<status status="PASS" start="2025-07-11T10:27:34.287033" elapsed="1.055822"/>
</kw>
<kw name="Input Text" owner="SeleniumLibrary">
<msg time="2025-07-11T10:27:35.343653" level="INFO">Typing text '607104' into text field 'xpath://*[@id="root"]/div[2]/div[2]/div[2]/form/div[3]/input'.</msg>
<arg>${PincodeTextbox}</arg>
<arg>607104</arg>
<doc>Types the given ``text`` into the text field identified by ``locator``.</doc>
<status status="PASS" start="2025-07-11T10:27:35.343193" elapsed="1.688092"/>
</kw>
<kw name="Input Text" owner="SeleniumLibrary">
<msg time="2025-07-11T10:27:37.032139" level="INFO">Typing text 'pondy' into text field 'xpath://*[@id="root"]/div[2]/div[2]/div[2]/form/div[4]/input'.</msg>
<arg>${AddressTextbox}</arg>
<arg>pondy</arg>
<doc>Types the given ``text`` into the text field identified by ``locator``.</doc>
<status status="PASS" start="2025-07-11T10:27:37.031693" elapsed="1.701300"/>
</kw>
<kw name="Click Element" owner="SeleniumLibrary">
<msg time="2025-07-11T10:27:38.734339" level="INFO">Clicking element 'xpath://*[@id="root"]/div[2]/div[2]/div[2]/form/div[5]/select'.</msg>
<arg>${StateTextbox}</arg>
<doc>Click the element identified by ``locator``.</doc>
<status status="PASS" start="2025-07-11T10:27:38.733602" elapsed="1.184468"/>
</kw>
<kw name="Select From List By Index" owner="SeleniumLibrary">
<msg time="2025-07-11T10:27:39.919166" level="INFO">Selecting options from selection list 'xpath://*[@id="root"]/div[2]/div[2]/div[2]/form/div[5]/select' by index 1.</msg>
<arg>${StateTextbox}</arg>
<arg>1</arg>
<doc>Selects options from selection list ``locator`` by ``indexes``.</doc>
<status status="PASS" start="2025-07-11T10:27:39.918532" elapsed="5.274144"/>
</kw>
<kw name="Input Text" owner="SeleniumLibrary">
<msg time="2025-07-11T10:27:45.195185" level="INFO">Typing text '10000' into text field 'xpath://*[@id="root"]/div[2]/div[2]/div[2]/form/div[7]/input'.</msg>
<arg>${Monthlyincometextbox}</arg>
<arg>10000</arg>
<doc>Types the given ``text`` into the text field identified by ``locator``.</doc>
<status status="PASS" start="2025-07-11T10:27:45.194286" elapsed="1.730481"/>
</kw>
<kw name="Input Text" owner="SeleniumLibrary">
<msg time="2025-07-11T10:27:46.926992" level="INFO">Typing text '03042021' into text field 'xpath://*[@id="root"]/div[2]/div[2]/div[2]/form/div[10]/input'.</msg>
<arg>${lastsalarydatetextbox}</arg>
<arg>03042021</arg>
<doc>Types the given ``text`` into the text field identified by ``locator``.</doc>
<status status="PASS" start="2025-07-11T10:27:46.926183" elapsed="1.694798"/>
</kw>
<kw name="Input Text" owner="SeleniumLibrary">
<msg time="2025-07-11T10:27:48.622792" level="INFO">Typing text '10000' into text field 'xpath://*[@id="root"]/div[2]/div[2]/div[2]/form/div[12]/input'.</msg>
<arg>${Loanamounttextbox}</arg>
<arg>10000</arg>
<doc>Types the given ``text`` into the text field identified by ``locator``.</doc>
<status status="PASS" start="2025-07-11T10:27:48.621798" elapsed="1.683994"/>
</kw>
<kw name="Click Element" owner="SeleniumLibrary">
<msg time="2025-07-11T10:27:50.306746" level="INFO">Clicking element 'xpath://*[contains(text(),'Next ')]'.</msg>
<arg>${Nextbutton}</arg>
<doc>Click the element identified by ``locator``.</doc>
<status status="PASS" start="2025-07-11T10:27:50.306250" elapsed="1.120460"/>
</kw>
<kw name="Sleep" owner="BuiltIn">
<msg time="2025-07-11T10:27:54.428693" level="INFO">Slept 3 seconds.</msg>
<arg>3s</arg>
<doc>Pauses the test executed for the given time.</doc>
<status status="PASS" start="2025-07-11T10:27:51.427288" elapsed="3.001677"/>
</kw>
<kw name="Element Should Contain" owner="SeleniumLibrary">
<msg time="2025-07-11T10:27:55.485189" level="INFO">Element 'xpath:(//*[contains(text(),'Summary Details')])[2]' contains text 'Summary Details'.</msg>
<arg>${summarydetailstxt}</arg>
<arg>Summary Details</arg>
<doc>Verifies that element ``locator`` contains text ``expected``.</doc>
<status status="PASS" start="2025-07-11T10:27:54.429417" elapsed="1.056227"/>
</kw>
<kw name="Execute Javascript" owner="SeleniumLibrary">
<msg time="2025-07-11T10:27:55.487774" level="INFO">Executing JavaScript:
window.scrollTo(0,document.body.scrollHeight)
Without any arguments.</msg>
<arg>window.scrollTo(0,document.body.scrollHeight)</arg>
<doc>Executes the given JavaScript code with possible arguments.</doc>
<status status="PASS" start="2025-07-11T10:27:55.486348" elapsed="0.519544"/>
</kw>
<kw name="Click Element" owner="SeleniumLibrary">
<msg time="2025-07-11T10:27:56.007166" level="INFO">Clicking element 'xpath://*[contains(text(),'Submit')]'.</msg>
<arg>${submit button}</arg>
<doc>Click the element identified by ``locator``.</doc>
<status status="PASS" start="2025-07-11T10:27:56.006338" elapsed="1.144165"/>
</kw>
<kw name="Sleep" owner="BuiltIn">
<msg time="2025-07-11T10:28:00.152607" level="INFO">Slept 3 seconds.</msg>
<arg>3s</arg>
<doc>Pauses the test executed for the given time.</doc>
<status status="PASS" start="2025-07-11T10:27:57.151338" elapsed="3.001582"/>
</kw>
<kw name="Element Should Contain" owner="SeleniumLibrary">
<msg time="2025-07-11T10:28:01.216563" level="INFO">Element 'xpath://*[contains(text(),'Submission Successful')]' contains text 'Submission Successful'.</msg>
<arg>${submission successful text}</arg>
<arg>Submission Successful</arg>
<doc>Verifies that element ``locator`` contains text ``expected``.</doc>
<status status="PASS" start="2025-07-11T10:28:00.153476" elapsed="1.063529"/>
</kw>
<kw name="Click Element" owner="SeleniumLibrary">
<msg time="2025-07-11T10:28:01.218875" level="INFO">Clicking element 'xpath://*[contains(text(),'Ok')]'.</msg>
<arg>${ok btn}</arg>
<doc>Click the element identified by ``locator``.</doc>
<status status="PASS" start="2025-07-11T10:28:01.217825" elapsed="1.150712"/>
</kw>
<kw name="Sleep" owner="BuiltIn">
<msg time="2025-07-11T10:28:05.369761" level="INFO">Slept 3 seconds.</msg>
<arg>3s</arg>
<doc>Pauses the test executed for the given time.</doc>
<status status="PASS" start="2025-07-11T10:28:02.369081" elapsed="3.000914"/>
</kw>
<kw name="Element Should Contain" owner="SeleniumLibrary">
<msg time="2025-07-11T10:28:06.420011" level="INFO">Element 'xpath:(//*[contains(text(),'Check Eligibility')])[1]' contains text 'Check Eligibility'.</msg>
<arg>${checkEligibilityBtn_before_login}</arg>
<arg>Check Eligibility</arg>
<doc>Verifies that element ``locator`` contains text ``expected``.</doc>
<status status="PASS" start="2025-07-11T10:28:05.370375" elapsed="1.049881"/>
</kw>
<arg>${phone}</arg>
<status status="PASS" start="2025-07-11T10:26:38.636792" elapsed="87.783715"/>
</kw>
<kw name="Close Browser" owner="SeleniumLibrary">
<doc>Closes the current browser.</doc>
<status status="PASS" start="2025-07-11T10:28:06.421379" elapsed="2.613892"/>
</kw>
<status status="PASS" start="2025-07-11T10:26:34.493913" elapsed="94.542027"/>
</test>
<status status="PASS" start="2025-07-11T10:26:34.481582" elapsed="94.556587"/>
</suite>
<suite id="s1-s3" name="PageNavigation" source="C:\Users\Invcuser_71\Desktop\Python_Maghavitta_automation\NidhiFinder_sanity\Testcases\PageNavigation.robot">
<test id="s1-s3-t1" name="CheckHomepagenavigators" line="53">
<kw name="Setup Browser" owner="check_EMI_Calculator">
<kw name="Open Browser" owner="SeleniumLibrary">
<msg time="2025-07-11T10:28:09.063501" level="INFO">Opening browser 'chrome' to base url 'https://nidhifinder.com/'.</msg>
<arg>${URL}</arg>
<arg>${BROWSER}</arg>
<doc>Opens a new browser instance to the optional ``url``.</doc>
<status status="PASS" start="2025-07-11T10:28:09.063331" elapsed="3.215632"/>
</kw>
<kw name="Maximize Browser Window" owner="SeleniumLibrary">
<doc>Maximizes current browser window.</doc>
<status status="PASS" start="2025-07-11T10:28:12.279341" elapsed="0.550169"/>
</kw>
<kw name="Set Selenium Timeout" owner="SeleniumLibrary">
<arg>10 seconds</arg>
<doc>Sets the timeout that is used by various keywords.</doc>
<status status="PASS" start="2025-07-11T10:28:12.830240" elapsed="0.503374"/>
</kw>
<kw name="Set Selenium Speed" owner="SeleniumLibrary">
<arg>0.5</arg>
<doc>Sets the delay that is waited after each Selenium command.</doc>
<status status="PASS" start="2025-07-11T10:28:13.333998" elapsed="0.000382"/>
</kw>
<arg>${URL}</arg>
<arg>${BROWSER}</arg>
<status status="PASS" start="2025-07-11T10:28:09.063061" elapsed="4.271478"/>
</kw>
<kw name="OurServicesNavigationcheck" owner="Home_navigation">
<kw name="Wait Until Element Is Visible" owner="SeleniumLibrary">
<arg>${Footer_Home}</arg>
<doc>Waits until the element ``locator`` is visible.</doc>
<status status="PASS" start="2025-07-11T10:28:13.337252" elapsed="1.029979"/>
</kw>
<kw name="Get WebElement" owner="SeleniumLibrary">
<msg time="2025-07-11T10:28:14.890696" level="INFO">${element} = &lt;selenium.webdriver.remote.webelement.WebElement (session="74b733e88d0b0861ea6ce26822f42539", element="f.CCB5D7B2C5F69E7D0C572D49A12532D0.d.5ABD62C9660A5A5D6DB2CC81C28DDCEF.e.20")&gt;</msg>
<var>${element}</var>
<arg>${Footer_Home}</arg>
<doc>Returns the first WebElement matching the given ``locator``.</doc>
<status status="PASS" start="2025-07-11T10:28:14.367874" elapsed="0.522978"/>
</kw>
<kw name="Scroll To Element" owner="check_EMI_Calculator">
<kw name="Execute Javascript" owner="SeleniumLibrary">
<msg time="2025-07-11T10:28:14.893549" level="INFO">Executing JavaScript:
arguments[0].scrollIntoView({behavior: 'smooth', block: 'center'});
By using argument:
'&lt;selenium.webdriver.remote.webelement.WebElement (session="74b733e88d0b0861ea6ce26822f42539", element="f.CCB5D7B2C5F69E7D0C572D49A12532D0.d.5ABD62C9660A5A5D6DB2CC81C28DDCEF.e.20")&gt;'</msg>
<arg>arguments[0].scrollIntoView({behavior: 'smooth', block: 'center'});</arg>
<arg>ARGUMENTS</arg>
<arg>${element}</arg>
<doc>Executes the given JavaScript code with possible arguments.</doc>
<status status="PASS" start="2025-07-11T10:28:14.892513" elapsed="0.524668"/>
</kw>
<kw name="Sleep" owner="BuiltIn">
<msg time="2025-07-11T10:28:15.918713" level="INFO">Slept 500 milliseconds.</msg>
<arg>0.5s</arg>
<doc>Pauses the test executed for the given time.</doc>
<status status="PASS" start="2025-07-11T10:28:15.417683" elapsed="0.501286"/>
</kw>
<arg>${element}</arg>
<status status="PASS" start="2025-07-11T10:28:14.891698" elapsed="1.027533"/>
</kw>
<kw name="Click Element" owner="SeleniumLibrary">
<msg time="2025-07-11T10:28:15.920248" level="INFO">Clicking element '(//*[text()='Home'])[3]'.</msg>
<arg>${Footer_Home}</arg>
<doc>Click the element identified by ``locator``.</doc>
<status status="PASS" start="2025-07-11T10:28:15.919704" elapsed="1.156780"/>
</kw>
<kw name="Wait Until Element Is Visible" owner="SeleniumLibrary">
<arg>${Header_Home}</arg>
<doc>Waits until the element ``locator`` is visible.</doc>
<status status="PASS" start="2025-07-11T10:28:17.077052" elapsed="1.071342"/>
</kw>
<kw name="Wait Until Element Is Visible" owner="SeleniumLibrary">
<arg>${Footer_AboutUs}</arg>
<doc>Waits until the element ``locator`` is visible.</doc>
<status status="PASS" start="2025-07-11T10:28:18.148853" elapsed="1.034772"/>
</kw>
<kw name="Get WebElement" owner="SeleniumLibrary">
<msg time="2025-07-11T10:28:19.705489" level="INFO">${element} = &lt;selenium.webdriver.remote.webelement.WebElement (session="74b733e88d0b0861ea6ce26822f42539", element="f.CCB5D7B2C5F69E7D0C572D49A12532D0.d.5ABD62C9660A5A5D6DB2CC81C28DDCEF.e.34")&gt;</msg>
<var>${element}</var>
<arg>${Footer_AboutUs}</arg>
<doc>Returns the first WebElement matching the given ``locator``.</doc>
<status status="PASS" start="2025-07-11T10:28:19.184344" elapsed="0.521259"/>
</kw>
<kw name="Scroll To Element" owner="check_EMI_Calculator">
<kw name="Execute Javascript" owner="SeleniumLibrary">
<msg time="2025-07-11T10:28:19.707702" level="INFO">Executing JavaScript:
arguments[0].scrollIntoView({behavior: 'smooth', block: 'center'});
By using argument:
'&lt;selenium.webdriver.remote.webelement.WebElement (session="74b733e88d0b0861ea6ce26822f42539", element="f.CCB5D7B2C5F69E7D0C572D49A12532D0.d.5ABD62C9660A5A5D6DB2CC81C28DDCEF.e.34")&gt;'</msg>
<arg>arguments[0].scrollIntoView({behavior: 'smooth', block: 'center'});</arg>
<arg>ARGUMENTS</arg>
<arg>${element}</arg>
<doc>Executes the given JavaScript code with possible arguments.</doc>
<status status="PASS" start="2025-07-11T10:28:19.706924" elapsed="0.513140"/>
</kw>
<kw name="Sleep" owner="BuiltIn">
<msg time="2025-07-11T10:28:20.721270" level="INFO">Slept 500 milliseconds.</msg>
<arg>0.5s</arg>
<doc>Pauses the test executed for the given time.</doc>
<status status="PASS" start="2025-07-11T10:28:20.220449" elapsed="0.501102"/>
</kw>
<arg>${element}</arg>
<status status="PASS" start="2025-07-11T10:28:19.706024" elapsed="1.015823"/>
</kw>
<kw name="Click Element" owner="SeleniumLibrary">
<msg time="2025-07-11T10:28:20.722839" level="INFO">Clicking element '(//*[text()='About Us'])[3]'.</msg>
<arg>${Footer_AboutUs}</arg>
<doc>Click the element identified by ``locator``.</doc>
<status status="PASS" start="2025-07-11T10:28:20.722259" elapsed="1.097235"/>
</kw>
<kw name="Get WebElement" owner="SeleniumLibrary">
<msg time="2025-07-11T10:28:22.334511" level="INFO">${element} = &lt;selenium.webdriver.remote.webelement.WebElement (session="74b733e88d0b0861ea6ce26822f42539", element="f.CCB5D7B2C5F69E7D0C572D49A12532D0.d.5ABD62C9660A5A5D6DB2CC81C28DDCEF.e.43")&gt;</msg>
<var>${element}</var>
<arg>${Aboutus_Home}</arg>
<doc>Returns the first WebElement matching the given ``locator``.</doc>
<status status="PASS" start="2025-07-11T10:28:21.819861" elapsed="0.514803"/>
</kw>
<kw name="Scroll To Element" owner="check_EMI_Calculator">
<kw name="Execute Javascript" owner="SeleniumLibrary">
<msg time="2025-07-11T10:28:22.337150" level="INFO">Executing JavaScript:
arguments[0].scrollIntoView({behavior: 'smooth', block: 'center'});
By using argument:
'&lt;selenium.webdriver.remote.webelement.WebElement (session="74b733e88d0b0861ea6ce26822f42539", element="f.CCB5D7B2C5F69E7D0C572D49A12532D0.d.5ABD62C9660A5A5D6DB2CC81C28DDCEF.e.43")&gt;'</msg>
<arg>arguments[0].scrollIntoView({behavior: 'smooth', block: 'center'});</arg>
<arg>ARGUMENTS</arg>
<arg>${element}</arg>
<doc>Executes the given JavaScript code with possible arguments.</doc>
<status status="PASS" start="2025-07-11T10:28:22.336120" elapsed="0.515361"/>
</kw>
<kw name="Sleep" owner="BuiltIn">
<msg time="2025-07-11T10:28:23.355361" level="INFO">Slept 500 milliseconds.</msg>
<arg>0.5s</arg>
<doc>Pauses the test executed for the given time.</doc>
<status status="PASS" start="2025-07-11T10:28:22.851899" elapsed="0.503712"/>
</kw>
<arg>${element}</arg>
<status status="PASS" start="2025-07-11T10:28:22.335239" elapsed="1.020591"/>
</kw>
<kw name="Wait Until Element Is Visible" owner="SeleniumLibrary">
<arg>${Aboutus_Home}</arg>
<doc>Waits until the element ``locator`` is visible.</doc>
<status status="PASS" start="2025-07-11T10:28:23.356140" elapsed="1.055010"/>
</kw>
<kw name="Click Element" owner="SeleniumLibrary">
<msg time="2025-07-11T10:28:24.412266" level="INFO">Clicking element '(//*[text()='Home'])[1]'.</msg>
<arg>${Header_Home}</arg>
<doc>Click the element identified by ``locator``.</doc>
<status status="PASS" start="2025-07-11T10:28:24.411661" elapsed="1.122929"/>
</kw>
<kw name="Wait Until Element Is Visible" owner="SeleniumLibrary">
<arg>${Footer_Services}</arg>
<doc>Waits until the element ``locator`` is visible.</doc>
<status status="PASS" start="2025-07-11T10:28:25.535020" elapsed="1.066119"/>
</kw>
<kw name="Get WebElement" owner="SeleniumLibrary">
<msg time="2025-07-11T10:28:27.125640" level="INFO">${element} = &lt;selenium.webdriver.remote.webelement.WebElement (session="74b733e88d0b0861ea6ce26822f42539", element="f.CCB5D7B2C5F69E7D0C572D49A12532D0.d.5ABD62C9660A5A5D6DB2CC81C28DDCEF.e.53")&gt;</msg>
<var>${element}</var>
<arg>${Footer_Services}</arg>
<doc>Returns the first WebElement matching the given ``locator``.</doc>
<status status="PASS" start="2025-07-11T10:28:26.601631" elapsed="0.524228"/>
</kw>
<kw name="Scroll To Element" owner="check_EMI_Calculator">
<kw name="Execute Javascript" owner="SeleniumLibrary">
<msg time="2025-07-11T10:28:27.127876" level="INFO">Executing JavaScript:
arguments[0].scrollIntoView({behavior: 'smooth', block: 'center'});
By using argument:
'&lt;selenium.webdriver.remote.webelement.WebElement (session="74b733e88d0b0861ea6ce26822f42539", element="f.CCB5D7B2C5F69E7D0C572D49A12532D0.d.5ABD62C9660A5A5D6DB2CC81C28DDCEF.e.53")&gt;'</msg>
<arg>arguments[0].scrollIntoView({behavior: 'smooth', block: 'center'});</arg>
<arg>ARGUMENTS</arg>
<arg>${element}</arg>
<doc>Executes the given JavaScript code with possible arguments.</doc>
<status status="PASS" start="2025-07-11T10:28:27.126994" elapsed="0.512194"/>
</kw>
<kw name="Sleep" owner="BuiltIn">
<msg time="2025-07-11T10:28:28.204408" level="INFO">Slept 500 milliseconds.</msg>
<arg>0.5s</arg>
<doc>Pauses the test executed for the given time.</doc>
<status status="PASS" start="2025-07-11T10:28:27.640146" elapsed="0.564828"/>
</kw>
<arg>${element}</arg>
<status status="PASS" start="2025-07-11T10:28:27.126329" elapsed="1.078902"/>
</kw>
<kw name="Click Element" owner="SeleniumLibrary">
<msg time="2025-07-11T10:28:28.206035" level="INFO">Clicking element '(//*[text()='Services'])[4]'.</msg>
<arg>${Footer_Services}</arg>
<doc>Click the element identified by ``locator``.</doc>
<status status="PASS" start="2025-07-11T10:28:28.205540" elapsed="1.096637"/>
</kw>
<kw name="Get WebElement" owner="SeleniumLibrary">
<msg time="2025-07-11T10:28:29.843859" level="INFO">${element} = &lt;selenium.webdriver.remote.webelement.WebElement (session="74b733e88d0b0861ea6ce26822f42539", element="f.CCB5D7B2C5F69E7D0C572D49A12532D0.d.5ABD62C9660A5A5D6DB2CC81C28DDCEF.e.75")&gt;</msg>
<var>${element}</var>
<arg>${Services}</arg>
<doc>Returns the first WebElement matching the given ``locator``.</doc>
<status status="PASS" start="2025-07-11T10:28:29.302750" elapsed="0.541233"/>
</kw>
<kw name="Scroll To Element" owner="check_EMI_Calculator">
<kw name="Execute Javascript" owner="SeleniumLibrary">
<msg time="2025-07-11T10:28:29.846416" level="INFO">Executing JavaScript:
arguments[0].scrollIntoView({behavior: 'smooth', block: 'center'});
By using argument:
'&lt;selenium.webdriver.remote.webelement.WebElement (session="74b733e88d0b0861ea6ce26822f42539", element="f.CCB5D7B2C5F69E7D0C572D49A12532D0.d.5ABD62C9660A5A5D6DB2CC81C28DDCEF.e.75")&gt;'</msg>
<arg>arguments[0].scrollIntoView({behavior: 'smooth', block: 'center'});</arg>
<arg>ARGUMENTS</arg>
<arg>${element}</arg>
<doc>Executes the given JavaScript code with possible arguments.</doc>
<status status="PASS" start="2025-07-11T10:28:29.845242" elapsed="0.513193"/>
</kw>
<kw name="Sleep" owner="BuiltIn">
<msg time="2025-07-11T10:28:30.860298" level="INFO">Slept 500 milliseconds.</msg>
<arg>0.5s</arg>
<doc>Pauses the test executed for the given time.</doc>
<status status="PASS" start="2025-07-11T10:28:30.358912" elapsed="0.501708"/>
</kw>
<arg>${element}</arg>
<status status="PASS" start="2025-07-11T10:28:29.844437" elapsed="1.016498"/>
</kw>
<kw name="Wait Until Element Is Visible" owner="SeleniumLibrary">
<arg>${Services}</arg>
<doc>Waits until the element ``locator`` is visible.</doc>
<status status="PASS" start="2025-07-11T10:28:30.861357" elapsed="1.033220"/>
</kw>
<kw name="Click Element" owner="SeleniumLibrary">
<msg time="2025-07-11T10:28:31.895867" level="INFO">Clicking element '(//*[text()='Home'])[1]'.</msg>
<arg>${Header_Home}</arg>
<doc>Click the element identified by ``locator``.</doc>
<status status="PASS" start="2025-07-11T10:28:31.895189" elapsed="1.099701"/>
</kw>
<kw name="Wait Until Element Is Visible" owner="SeleniumLibrary">
<arg>${Footer_ContactUs}</arg>
<doc>Waits until the element ``locator`` is visible.</doc>
<status status="PASS" start="2025-07-11T10:28:32.995332" elapsed="1.043123"/>
</kw>
<kw name="Get WebElement" owner="SeleniumLibrary">
<msg time="2025-07-11T10:28:34.562237" level="INFO">${element} = &lt;selenium.webdriver.remote.webelement.WebElement (session="74b733e88d0b0861ea6ce26822f42539", element="f.CCB5D7B2C5F69E7D0C572D49A12532D0.d.5ABD62C9660A5A5D6DB2CC81C28DDCEF.e.86")&gt;</msg>
<var>${element}</var>
<arg>${Footer_ContactUs}</arg>
<doc>Returns the first WebElement matching the given ``locator``.</doc>
<status status="PASS" start="2025-07-11T10:28:34.039271" elapsed="0.523079"/>
</kw>
<kw name="Scroll To Element" owner="check_EMI_Calculator">
<kw name="Execute Javascript" owner="SeleniumLibrary">
<msg time="2025-07-11T10:28:34.564319" level="INFO">Executing JavaScript:
arguments[0].scrollIntoView({behavior: 'smooth', block: 'center'});
By using argument:
'&lt;selenium.webdriver.remote.webelement.WebElement (session="74b733e88d0b0861ea6ce26822f42539", element="f.CCB5D7B2C5F69E7D0C572D49A12532D0.d.5ABD62C9660A5A5D6DB2CC81C28DDCEF.e.86")&gt;'</msg>
<arg>arguments[0].scrollIntoView({behavior: 'smooth', block: 'center'});</arg>
<arg>ARGUMENTS</arg>
<arg>${element}</arg>
<doc>Executes the given JavaScript code with possible arguments.</doc>
<status status="PASS" start="2025-07-11T10:28:34.563454" elapsed="0.522834"/>
</kw>
<kw name="Sleep" owner="BuiltIn">
<msg time="2025-07-11T10:28:35.588339" level="INFO">Slept 500 milliseconds.</msg>
<arg>0.5s</arg>
<doc>Pauses the test executed for the given time.</doc>
<status status="PASS" start="2025-07-11T10:28:35.086922" elapsed="0.501676"/>
</kw>
<arg>${element}</arg>
<status status="PASS" start="2025-07-11T10:28:34.562797" elapsed="1.026026"/>
</kw>
<kw name="Click Element" owner="SeleniumLibrary">
<msg time="2025-07-11T10:28:35.589634" level="INFO">Clicking element '(//*[text()='Contact Us'])[3]'.</msg>
<arg>${Footer_ContactUs}</arg>
<doc>Click the element identified by ``locator``.</doc>
<status status="PASS" start="2025-07-11T10:28:35.589155" elapsed="1.115920"/>
</kw>
<kw name="Get WebElement" owner="SeleniumLibrary">
<msg time="2025-07-11T10:28:37.251711" level="INFO">${element} = &lt;selenium.webdriver.remote.webelement.WebElement (session="74b733e88d0b0861ea6ce26822f42539", element="f.CCB5D7B2C5F69E7D0C572D49A12532D0.d.5ABD62C9660A5A5D6DB2CC81C28DDCEF.e.106")&gt;</msg>
<var>${element}</var>
<arg>${ContactUs}</arg>
<doc>Returns the first WebElement matching the given ``locator``.</doc>
<status status="PASS" start="2025-07-11T10:28:36.706242" elapsed="0.545594"/>
</kw>
<kw name="Scroll To Element" owner="check_EMI_Calculator">
<kw name="Execute Javascript" owner="SeleniumLibrary">
<msg time="2025-07-11T10:28:37.253873" level="INFO">Executing JavaScript:
arguments[0].scrollIntoView({behavior: 'smooth', block: 'center'});
By using argument:
'&lt;selenium.webdriver.remote.webelement.WebElement (session="74b733e88d0b0861ea6ce26822f42539", element="f.CCB5D7B2C5F69E7D0C572D49A12532D0.d.5ABD62C9660A5A5D6DB2CC81C28DDCEF.e.106")&gt;'</msg>
<arg>arguments[0].scrollIntoView({behavior: 'smooth', block: 'center'});</arg>
<arg>ARGUMENTS</arg>
<arg>${element}</arg>
<doc>Executes the given JavaScript code with possible arguments.</doc>
<status status="PASS" start="2025-07-11T10:28:37.252989" elapsed="0.513069"/>
</kw>
<kw name="Sleep" owner="BuiltIn">
<msg time="2025-07-11T10:28:38.267538" level="INFO">Slept 500 milliseconds.</msg>
<arg>0.5s</arg>
<doc>Pauses the test executed for the given time.</doc>
<status status="PASS" start="2025-07-11T10:28:37.766688" elapsed="0.501062"/>
</kw>
<arg>${element}</arg>
<status status="PASS" start="2025-07-11T10:28:37.252287" elapsed="1.015648"/>
</kw>
<kw name="Wait Until Element Is Visible" owner="SeleniumLibrary">
<arg>${ContactUs}</arg>
<doc>Waits until the element ``locator`` is visible.</doc>
<status status="PASS" start="2025-07-11T10:28:38.268211" elapsed="1.058172"/>
</kw>
<arg>${Header_Home}</arg>
<arg>${Aboutus_Home}</arg>
<arg>${Services}</arg>
<arg>${ContactUs}</arg>
<arg>${Footer_Home}</arg>
<arg>${Footer_AboutUs}</arg>
<arg>${Footer_Services}</arg>
<arg>${Footer_ContactUs}</arg>
<status status="PASS" start="2025-07-11T10:28:13.335691" elapsed="25.990938"/>
</kw>
<kw name="QuickLinksNavigation" owner="Home_navigation">
<kw name="Wait Until Element Is Visible" owner="SeleniumLibrary">
<arg>${Footer_CheckEligibility}</arg>
<doc>Waits until the element ``locator`` is visible.</doc>
<status status="PASS" start="2025-07-11T10:28:39.329235" elapsed="1.036608"/>
</kw>
<kw name="Get WebElement" owner="SeleniumLibrary">
<msg time="2025-07-11T10:28:40.878557" level="INFO">${element} = &lt;selenium.webdriver.remote.webelement.WebElement (session="74b733e88d0b0861ea6ce26822f42539", element="f.CCB5D7B2C5F69E7D0C572D49A12532D0.d.5ABD62C9660A5A5D6DB2CC81C28DDCEF.e.107")&gt;</msg>
<var>${element}</var>
<arg>${Footer_CheckEligibility}</arg>
<doc>Returns the first WebElement matching the given ``locator``.</doc>
<status status="PASS" start="2025-07-11T10:28:40.366218" elapsed="0.512454"/>
</kw>
<kw name="Scroll To Element" owner="check_EMI_Calculator">
<kw name="Execute Javascript" owner="SeleniumLibrary">
<msg time="2025-07-11T10:28:40.880691" level="INFO">Executing JavaScript:
arguments[0].scrollIntoView({behavior: 'smooth', block: 'center'});
By using argument:
'&lt;selenium.webdriver.remote.webelement.WebElement (session="74b733e88d0b0861ea6ce26822f42539", element="f.CCB5D7B2C5F69E7D0C572D49A12532D0.d.5ABD62C9660A5A5D6DB2CC81C28DDCEF.e.107")&gt;'</msg>
<arg>arguments[0].scrollIntoView({behavior: 'smooth', block: 'center'});</arg>
<arg>ARGUMENTS</arg>
<arg>${element}</arg>
<doc>Executes the given JavaScript code with possible arguments.</doc>
<status status="PASS" start="2025-07-11T10:28:40.879819" elapsed="0.520324"/>
</kw>
<kw name="Sleep" owner="BuiltIn">
<msg time="2025-07-11T10:28:41.902372" level="INFO">Slept 500 milliseconds.</msg>
<arg>0.5s</arg>
<doc>Pauses the test executed for the given time.</doc>
<status status="PASS" start="2025-07-11T10:28:41.400839" elapsed="0.501844"/>
</kw>
<arg>${element}</arg>
<status status="PASS" start="2025-07-11T10:28:40.879103" elapsed="1.023849"/>
</kw>
<kw name="Click Element" owner="SeleniumLibrary">
<msg time="2025-07-11T10:28:41.904056" level="INFO">Clicking element '//*[@id="root"]/div[2]/footer/div[1]/div[3]/ul/li[1]'.</msg>
<arg>${Footer_CheckEligibility}</arg>
<doc>Click the element identified by ``locator``.</doc>
<status status="PASS" start="2025-07-11T10:28:41.903413" elapsed="1.116609"/>
</kw>
<kw name="Wait Until Element Is Visible" owner="SeleniumLibrary">
<arg>${Basicinfo}</arg>
<doc>Waits until the element ``locator`` is visible.</doc>
<status status="PASS" start="2025-07-11T10:28:43.020466" elapsed="1.041945"/>
</kw>
<kw name="Go Back" owner="SeleniumLibrary">
<doc>Simulates the user clicking the back button on their browser.</doc>
<status status="PASS" start="2025-07-11T10:28:44.062875" elapsed="0.518045"/>
</kw>
<kw name="Get WebElement" owner="SeleniumLibrary">
<msg time="2025-07-11T10:28:45.104669" level="INFO">${element} = &lt;selenium.webdriver.remote.webelement.WebElement (session="74b733e88d0b0861ea6ce26822f42539", element="f.CCB5D7B2C5F69E7D0C572D49A12532D0.d.5ABD62C9660A5A5D6DB2CC81C28DDCEF.e.121")&gt;</msg>
<var>${element}</var>
<arg>${Footer_TermsAndConditions}</arg>
<doc>Returns the first WebElement matching the given ``locator``.</doc>
<status status="PASS" start="2025-07-11T10:28:44.581382" elapsed="0.523454"/>
</kw>
<kw name="Scroll To Element" owner="check_EMI_Calculator">
<kw name="Execute Javascript" owner="SeleniumLibrary">
<msg time="2025-07-11T10:28:45.108097" level="INFO">Executing JavaScript:
arguments[0].scrollIntoView({behavior: 'smooth', block: 'center'});
By using argument:
'&lt;selenium.webdriver.remote.webelement.WebElement (session="74b733e88d0b0861ea6ce26822f42539", element="f.CCB5D7B2C5F69E7D0C572D49A12532D0.d.5ABD62C9660A5A5D6DB2CC81C28DDCEF.e.121")&gt;'</msg>
<arg>arguments[0].scrollIntoView({behavior: 'smooth', block: 'center'});</arg>
<arg>ARGUMENTS</arg>
<arg>${element}</arg>
<doc>Executes the given JavaScript code with possible arguments.</doc>
<status status="PASS" start="2025-07-11T10:28:45.106803" elapsed="0.524942"/>
</kw>
<kw name="Sleep" owner="BuiltIn">
<msg time="2025-07-11T10:28:46.133440" level="INFO">Slept 500 milliseconds.</msg>
<arg>0.5s</arg>
<doc>Pauses the test executed for the given time.</doc>
<status status="PASS" start="2025-07-11T10:28:45.632387" elapsed="0.501249"/>
</kw>
<arg>${element}</arg>
<status status="PASS" start="2025-07-11T10:28:45.105450" elapsed="1.028398"/>
</kw>
<kw name="Click Element" owner="SeleniumLibrary">
<msg time="2025-07-11T10:28:46.134706" level="INFO">Clicking element '(//*[text()='Terms And Conditions'])[1]'.</msg>
<arg>${Footer_TermsAndConditions}</arg>
<doc>Click the element identified by ``locator``.</doc>
<status status="PASS" start="2025-07-11T10:28:46.134223" elapsed="1.089149"/>
</kw>
<kw name="Get WebElement" owner="SeleniumLibrary">
<msg time="2025-07-11T10:28:47.752721" level="INFO">${element} = &lt;selenium.webdriver.remote.webelement.WebElement (session="74b733e88d0b0861ea6ce26822f42539", element="f.CCB5D7B2C5F69E7D0C572D49A12532D0.d.5ABD62C9660A5A5D6DB2CC81C28DDCEF.e.128")&gt;</msg>
<var>${element}</var>
<arg>${Terms&amp;condition}</arg>
<doc>Returns the first WebElement matching the given ``locator``.</doc>
<status status="PASS" start="2025-07-11T10:28:47.224605" elapsed="0.528306"/>
</kw>
<kw name="Scroll To Element" owner="check_EMI_Calculator">
<kw name="Execute Javascript" owner="SeleniumLibrary">
<msg time="2025-07-11T10:28:47.756453" level="INFO">Executing JavaScript:
arguments[0].scrollIntoView({behavior: 'smooth', block: 'center'});
By using argument:
'&lt;selenium.webdriver.remote.webelement.WebElement (session="74b733e88d0b0861ea6ce26822f42539", element="f.CCB5D7B2C5F69E7D0C572D49A12532D0.d.5ABD62C9660A5A5D6DB2CC81C28DDCEF.e.128")&gt;'</msg>
<arg>arguments[0].scrollIntoView({behavior: 'smooth', block: 'center'});</arg>
<arg>ARGUMENTS</arg>
<arg>${element}</arg>
<doc>Executes the given JavaScript code with possible arguments.</doc>
<status status="PASS" start="2025-07-11T10:28:47.755037" elapsed="0.518975"/>
</kw>
<kw name="Sleep" owner="BuiltIn">
<msg time="2025-07-11T10:28:48.776222" level="INFO">Slept 500 milliseconds.</msg>
<arg>0.5s</arg>
<doc>Pauses the test executed for the given time.</doc>
<status status="PASS" start="2025-07-11T10:28:48.275005" elapsed="0.501467"/>
</kw>
<arg>${element}</arg>
<status status="PASS" start="2025-07-11T10:28:47.753833" elapsed="1.022866"/>
</kw>
<kw name="Wait Until Element Is Visible" owner="SeleniumLibrary">
<arg>${Terms&amp;condition}</arg>
<doc>Waits until the element ``locator`` is visible.</doc>
<status status="PASS" start="2025-07-11T10:28:48.777042" elapsed="1.039719"/>
</kw>
<kw name="Wait Until Element Is Visible" owner="SeleniumLibrary">
<arg>${Header_Home}</arg>
<doc>Waits until the element ``locator`` is visible.</doc>
<status status="PASS" start="2025-07-11T10:28:49.817246" elapsed="1.026462"/>
</kw>
<kw name="Get WebElement" owner="SeleniumLibrary">
<msg time="2025-07-11T10:28:51.365425" level="INFO">${element} = &lt;selenium.webdriver.remote.webelement.WebElement (session="74b733e88d0b0861ea6ce26822f42539", element="f.CCB5D7B2C5F69E7D0C572D49A12532D0.d.5ABD62C9660A5A5D6DB2CC81C28DDCEF.e.131")&gt;</msg>
[...]
<arg>0.5s</arg>
<doc>Pauses the test executed for the given time.</doc>
<status status="PASS" start="2025-07-11T10:29:25.361960" elapsed="0.501641"/>
</kw>
<arg>${element}</arg>
<status status="PASS" start="2025-07-11T10:29:24.843083" elapsed="1.020820"/>
</kw>
<kw name="Wait Until Element Is Visible" owner="SeleniumLibrary">
<arg>${AutoLoan}</arg>
<doc>Waits until the element ``locator`` is visible.</doc>
<status status="PASS" start="2025-07-11T10:29:25.864336" elapsed="1.031009"/>
</kw>
<kw name="Click Element" owner="SeleniumLibrary">
<msg time="2025-07-11T10:29:26.896671" level="INFO">Clicking element '(//*[text()='Home'])[1]'.</msg>
<arg>${Header_Home}</arg>
<doc>Click the element identified by ``locator``.</doc>
<status status="PASS" start="2025-07-11T10:29:26.896036" elapsed="1.153839"/>
</kw>
<kw name="Wait Until Element Is Visible" owner="SeleniumLibrary">
<arg>${Footer_BusinessLoan}</arg>
<doc>Waits until the element ``locator`` is visible.</doc>
<status status="PASS" start="2025-07-11T10:29:28.050484" elapsed="1.047982"/>
</kw>
<kw name="Get WebElement" owner="SeleniumLibrary">
<msg time="2025-07-11T10:29:29.621139" level="INFO">${element} = &lt;selenium.webdriver.remote.webelement.WebElement (session="74b733e88d0b0861ea6ce26822f42539", element="f.CCB5D7B2C5F69E7D0C572D49A12532D0.d.760A0E7E1FBE91632C7AE37734EEDFB1.e.244")&gt;</msg>
<var>${element}</var>
<arg>${Footer_BusinessLoan}</arg>
<doc>Returns the first WebElement matching the given ``locator``.</doc>
<status status="PASS" start="2025-07-11T10:29:29.099118" elapsed="0.522152"/>
</kw>
<kw name="Scroll To Element" owner="check_EMI_Calculator">
<kw name="Execute Javascript" owner="SeleniumLibrary">
<msg time="2025-07-11T10:29:29.624074" level="INFO">Executing JavaScript:
arguments[0].scrollIntoView({behavior: 'smooth', block: 'center'});
By using argument:
'&lt;selenium.webdriver.remote.webelement.WebElement (session="74b733e88d0b0861ea6ce26822f42539", element="f.CCB5D7B2C5F69E7D0C572D49A12532D0.d.760A0E7E1FBE91632C7AE37734EEDFB1.e.244")&gt;'</msg>
<arg>arguments[0].scrollIntoView({behavior: 'smooth', block: 'center'});</arg>
<arg>ARGUMENTS</arg>
<arg>${element}</arg>
<doc>Executes the given JavaScript code with possible arguments.</doc>
<status status="PASS" start="2025-07-11T10:29:29.622874" elapsed="0.520682"/>
</kw>
<kw name="Sleep" owner="BuiltIn">
<msg time="2025-07-11T10:29:30.646723" level="INFO">Slept 500 milliseconds.</msg>
<arg>0.5s</arg>
<doc>Pauses the test executed for the given time.</doc>
<status status="PASS" start="2025-07-11T10:29:30.143936" elapsed="0.503017"/>
</kw>
<arg>${element}</arg>
<status status="PASS" start="2025-07-11T10:29:29.621757" elapsed="1.025453"/>
</kw>
<kw name="Click Element" owner="SeleniumLibrary">
<msg time="2025-07-11T10:29:30.648014" level="INFO">Clicking element '(//*[text()='Business Loan'])[5]'.</msg>
<arg>${Footer_BusinessLoan}</arg>
<doc>Click the element identified by ``locator``.</doc>
<status status="PASS" start="2025-07-11T10:29:30.647542" elapsed="1.111806"/>
</kw>
<kw name="Get WebElement" owner="SeleniumLibrary">
<msg time="2025-07-11T10:29:32.301330" level="INFO">${element} = &lt;selenium.webdriver.remote.webelement.WebElement (session="74b733e88d0b0861ea6ce26822f42539", element="f.CCB5D7B2C5F69E7D0C572D49A12532D0.d.760A0E7E1FBE91632C7AE37734EEDFB1.e.256")&gt;</msg>
<var>${element}</var>
<arg>${BusinessLoan}</arg>
<doc>Returns the first WebElement matching the given ``locator``.</doc>
<status status="PASS" start="2025-07-11T10:29:31.759731" elapsed="0.541719"/>
</kw>
<kw name="Scroll To Element" owner="check_EMI_Calculator">
<kw name="Execute Javascript" owner="SeleniumLibrary">
<msg time="2025-07-11T10:29:32.303487" level="INFO">Executing JavaScript:
arguments[0].scrollIntoView({behavior: 'smooth', block: 'center'});
By using argument:
'&lt;selenium.webdriver.remote.webelement.WebElement (session="74b733e88d0b0861ea6ce26822f42539", element="f.CCB5D7B2C5F69E7D0C572D49A12532D0.d.760A0E7E1FBE91632C7AE37734EEDFB1.e.256")&gt;'</msg>
<arg>arguments[0].scrollIntoView({behavior: 'smooth', block: 'center'});</arg>
<arg>ARGUMENTS</arg>
<arg>${element}</arg>
<doc>Executes the given JavaScript code with possible arguments.</doc>
<status status="PASS" start="2025-07-11T10:29:32.302628" elapsed="0.507596"/>
</kw>
<kw name="Sleep" owner="BuiltIn">
<msg time="2025-07-11T10:29:33.311953" level="INFO">Slept 500 milliseconds.</msg>
<arg>0.5s</arg>
<doc>Pauses the test executed for the given time.</doc>
<status status="PASS" start="2025-07-11T10:29:32.810704" elapsed="0.501534"/>
</kw>
<arg>${element}</arg>
<status status="PASS" start="2025-07-11T10:29:32.302038" elapsed="1.010487"/>
</kw>
<kw name="Wait Until Element Is Visible" owner="SeleniumLibrary">
<arg>${BusinessLoan}</arg>
<doc>Waits until the element ``locator`` is visible.</doc>
<status status="PASS" start="2025-07-11T10:29:33.312973" elapsed="1.030398"/>
</kw>
<kw name="Click Element" owner="SeleniumLibrary">
<msg time="2025-07-11T10:29:34.344569" level="INFO">Clicking element '(//*[text()='Home'])[1]'.</msg>
<arg>${Header_Home}</arg>
<doc>Click the element identified by ``locator``.</doc>
<status status="PASS" start="2025-07-11T10:29:34.343938" elapsed="1.096083"/>
</kw>
<kw name="Wait Until Element Is Visible" owner="SeleniumLibrary">
<arg>${Footer_LoanAgainstProperty}</arg>
<doc>Waits until the element ``locator`` is visible.</doc>
<status status="PASS" start="2025-07-11T10:29:35.441193" elapsed="1.051156"/>
</kw>
<kw name="Get WebElement" owner="SeleniumLibrary">
<msg time="2025-07-11T10:29:37.008345" level="INFO">${element} = &lt;selenium.webdriver.remote.webelement.WebElement (session="74b733e88d0b0861ea6ce26822f42539", element="f.CCB5D7B2C5F69E7D0C572D49A12532D0.d.760A0E7E1FBE91632C7AE37734EEDFB1.e.266")&gt;</msg>
<var>${element}</var>
<arg>${Footer_LoanAgainstProperty}</arg>
<doc>Returns the first WebElement matching the given ``locator``.</doc>
<status status="PASS" start="2025-07-11T10:29:36.492777" elapsed="0.515681"/>
</kw>
<kw name="Scroll To Element" owner="check_EMI_Calculator">
<kw name="Execute Javascript" owner="SeleniumLibrary">
<msg time="2025-07-11T10:29:37.011702" level="INFO">Executing JavaScript:
arguments[0].scrollIntoView({behavior: 'smooth', block: 'center'});
By using argument:
'&lt;selenium.webdriver.remote.webelement.WebElement (session="74b733e88d0b0861ea6ce26822f42539", element="f.CCB5D7B2C5F69E7D0C572D49A12532D0.d.760A0E7E1FBE91632C7AE37734EEDFB1.e.266")&gt;'</msg>
<arg>arguments[0].scrollIntoView({behavior: 'smooth', block: 'center'});</arg>
<arg>ARGUMENTS</arg>
<arg>${element}</arg>
<doc>Executes the given JavaScript code with possible arguments.</doc>
<status status="PASS" start="2025-07-11T10:29:37.010681" elapsed="0.515513"/>
</kw>
<kw name="Sleep" owner="BuiltIn">
<msg time="2025-07-11T10:29:38.027852" level="INFO">Slept 500 milliseconds.</msg>
<arg>0.5s</arg>
<doc>Pauses the test executed for the given time.</doc>
<status status="PASS" start="2025-07-11T10:29:37.526668" elapsed="0.501468"/>
</kw>
<arg>${element}</arg>
<status status="PASS" start="2025-07-11T10:29:37.008896" elapsed="1.019484"/>
</kw>
<kw name="Click Element" owner="SeleniumLibrary">
<msg time="2025-07-11T10:29:38.029249" level="INFO">Clicking element '(//*[text()='Loan Against Property'])[4]'.</msg>
<arg>${Footer_LoanAgainstProperty}</arg>
<doc>Click the element identified by ``locator``.</doc>
<status status="PASS" start="2025-07-11T10:29:38.028734" elapsed="1.152731"/>
</kw>
<kw name="Get WebElement" owner="SeleniumLibrary">
<msg time="2025-07-11T10:29:39.703570" level="INFO">${element} = &lt;selenium.webdriver.remote.webelement.WebElement (session="74b733e88d0b0861ea6ce26822f42539", element="f.CCB5D7B2C5F69E7D0C572D49A12532D0.d.760A0E7E1FBE91632C7AE37734EEDFB1.e.278")&gt;</msg>
<var>${element}</var>
<arg>${LoanAgainstProperty}</arg>
<doc>Returns the first WebElement matching the given ``locator``.</doc>
<status status="PASS" start="2025-07-11T10:29:39.182002" elapsed="0.521716"/>
</kw>
<kw name="Scroll To Element" owner="check_EMI_Calculator">
<kw name="Execute Javascript" owner="SeleniumLibrary">
<msg time="2025-07-11T10:29:39.709227" level="INFO">Executing JavaScript:
arguments[0].scrollIntoView({behavior: 'smooth', block: 'center'});
By using argument:
'&lt;selenium.webdriver.remote.webelement.WebElement (session="74b733e88d0b0861ea6ce26822f42539", element="f.CCB5D7B2C5F69E7D0C572D49A12532D0.d.760A0E7E1FBE91632C7AE37734EEDFB1.e.278")&gt;'</msg>
<arg>arguments[0].scrollIntoView({behavior: 'smooth', block: 'center'});</arg>
<arg>ARGUMENTS</arg>
<arg>${element}</arg>
<doc>Executes the given JavaScript code with possible arguments.</doc>
<status status="PASS" start="2025-07-11T10:29:39.705308" elapsed="0.521363"/>
</kw>
<kw name="Sleep" owner="BuiltIn">
<msg time="2025-07-11T10:29:40.728115" level="INFO">Slept 500 milliseconds.</msg>
<arg>0.5s</arg>
<doc>Pauses the test executed for the given time.</doc>
<status status="PASS" start="2025-07-11T10:29:40.227367" elapsed="0.500959"/>
</kw>
<arg>${element}</arg>
<status status="PASS" start="2025-07-11T10:29:39.704252" elapsed="1.024278"/>
</kw>
<kw name="Wait Until Element Is Visible" owner="SeleniumLibrary">
<arg>${LoanAgainstProperty}</arg>
<doc>Waits until the element ``locator`` is visible.</doc>
<status status="PASS" start="2025-07-11T10:29:40.728866" elapsed="1.032274"/>
</kw>
<kw name="Click Element" owner="SeleniumLibrary">
<msg time="2025-07-11T10:29:41.762087" level="INFO">Clicking element '(//*[text()='Home'])[1]'.</msg>
<arg>${Header_Home}</arg>
<doc>Click the element identified by ``locator``.</doc>
<status status="PASS" start="2025-07-11T10:29:41.761576" elapsed="1.131069"/>
</kw>
<kw name="Wait Until Element Is Visible" owner="SeleniumLibrary">
<arg>${Footer_GoldLoan}</arg>
<doc>Waits until the element ``locator`` is visible.</doc>
<status status="PASS" start="2025-07-11T10:29:42.893311" elapsed="1.037551"/>
</kw>
<kw name="Get WebElement" owner="SeleniumLibrary">
<msg time="2025-07-11T10:29:44.452326" level="INFO">${element} = &lt;selenium.webdriver.remote.webelement.WebElement (session="74b733e88d0b0861ea6ce26822f42539", element="f.CCB5D7B2C5F69E7D0C572D49A12532D0.d.760A0E7E1FBE91632C7AE37734EEDFB1.e.288")&gt;</msg>
<var>${element}</var>
<arg>${Footer_GoldLoan}</arg>
<doc>Returns the first WebElement matching the given ``locator``.</doc>
<status status="PASS" start="2025-07-11T10:29:43.931329" elapsed="0.521389"/>
</kw>
<kw name="Scroll To Element" owner="check_EMI_Calculator">
<kw name="Execute Javascript" owner="SeleniumLibrary">
<msg time="2025-07-11T10:29:44.459218" level="INFO">Executing JavaScript:
arguments[0].scrollIntoView({behavior: 'smooth', block: 'center'});
By using argument:
'&lt;selenium.webdriver.remote.webelement.WebElement (session="74b733e88d0b0861ea6ce26822f42539", element="f.CCB5D7B2C5F69E7D0C572D49A12532D0.d.760A0E7E1FBE91632C7AE37734EEDFB1.e.288")&gt;'</msg>
<arg>arguments[0].scrollIntoView({behavior: 'smooth', block: 'center'});</arg>
<arg>ARGUMENTS</arg>
<arg>${element}</arg>
<doc>Executes the given JavaScript code with possible arguments.</doc>
<status status="PASS" start="2025-07-11T10:29:44.454743" elapsed="0.525675"/>
</kw>
<kw name="Sleep" owner="BuiltIn">
<msg time="2025-07-11T10:29:45.481644" level="INFO">Slept 500 milliseconds.</msg>
<arg>0.5s</arg>
<doc>Pauses the test executed for the given time.</doc>
<status status="PASS" start="2025-07-11T10:29:44.980787" elapsed="0.501132"/>
</kw>
<arg>${element}</arg>
<status status="PASS" start="2025-07-11T10:29:44.453591" elapsed="1.028601"/>
</kw>
<kw name="Click Element" owner="SeleniumLibrary">
<msg time="2025-07-11T10:29:45.483128" level="INFO">Clicking element '(//*[text()='Gold Loan'])[4]'.</msg>
<arg>${Footer_GoldLoan}</arg>
<doc>Click the element identified by ``locator``.</doc>
<status status="PASS" start="2025-07-11T10:29:45.482591" elapsed="1.125144"/>
</kw>
<kw name="Get WebElement" owner="SeleniumLibrary">
<msg time="2025-07-11T10:29:47.130372" level="INFO">${element} = &lt;selenium.webdriver.remote.webelement.WebElement (session="74b733e88d0b0861ea6ce26822f42539", element="f.CCB5D7B2C5F69E7D0C572D49A12532D0.d.760A0E7E1FBE91632C7AE37734EEDFB1.e.300")&gt;</msg>
<var>${element}</var>
<arg>${GoldLoan}</arg>
<doc>Returns the first WebElement matching the given ``locator``.</doc>
<status status="PASS" start="2025-07-11T10:29:46.608290" elapsed="0.522322"/>
</kw>
<kw name="Scroll To Element" owner="check_EMI_Calculator">
<kw name="Execute Javascript" owner="SeleniumLibrary">
<msg time="2025-07-11T10:29:47.132617" level="INFO">Executing JavaScript:
arguments[0].scrollIntoView({behavior: 'smooth', block: 'center'});
By using argument:
'&lt;selenium.webdriver.remote.webelement.WebElement (session="74b733e88d0b0861ea6ce26822f42539", element="f.CCB5D7B2C5F69E7D0C572D49A12532D0.d.760A0E7E1FBE91632C7AE37734EEDFB1.e.300")&gt;'</msg>
<arg>arguments[0].scrollIntoView({behavior: 'smooth', block: 'center'});</arg>
<arg>ARGUMENTS</arg>
<arg>${element}</arg>
<doc>Executes the given JavaScript code with possible arguments.</doc>
<status status="PASS" start="2025-07-11T10:29:47.131658" elapsed="0.514403"/>
</kw>
<kw name="Sleep" owner="BuiltIn">
<msg time="2025-07-11T10:29:48.147636" level="INFO">Slept 500 milliseconds.</msg>
<arg>0.5s</arg>
<doc>Pauses the test executed for the given time.</doc>
<status status="PASS" start="2025-07-11T10:29:47.646669" elapsed="0.501166"/>
</kw>
<arg>${element}</arg>
<status status="PASS" start="2025-07-11T10:29:47.131035" elapsed="1.016977"/>
</kw>
<kw name="Wait Until Element Is Visible" owner="SeleniumLibrary">
<arg>${GoldLoan}</arg>
<doc>Waits until the element ``locator`` is visible.</doc>
<status status="PASS" start="2025-07-11T10:29:48.148282" elapsed="1.040864"/>
</kw>
<kw name="Click Element" owner="SeleniumLibrary">
<msg time="2025-07-11T10:29:49.190129" level="INFO">Clicking element '(//*[text()='Home'])[1]'.</msg>
<arg>${Header_Home}</arg>
<doc>Click the element identified by ``locator``.</doc>
<status status="PASS" start="2025-07-11T10:29:49.189632" elapsed="1.125078"/>
</kw>
<kw name="Wait Until Element Is Visible" owner="SeleniumLibrary">
<arg>${Footer_GovtSchemeBasedLoan}</arg>
<doc>Waits until the element ``locator`` is visible.</doc>
<status status="PASS" start="2025-07-11T10:29:50.315412" elapsed="1.050567"/>
</kw>
<kw name="Get WebElement" owner="SeleniumLibrary">
<msg time="2025-07-11T10:29:51.884365" level="INFO">${element} = &lt;selenium.webdriver.remote.webelement.WebElement (session="74b733e88d0b0861ea6ce26822f42539", element="f.CCB5D7B2C5F69E7D0C572D49A12532D0.d.760A0E7E1FBE91632C7AE37734EEDFB1.e.310")&gt;</msg>
<var>${element}</var>
<arg>${Footer_GovtSchemeBasedLoan}</arg>
<doc>Returns the first WebElement matching the given ``locator``.</doc>
<status status="PASS" start="2025-07-11T10:29:51.366438" elapsed="0.518052"/>
</kw>
<kw name="Scroll To Element" owner="check_EMI_Calculator">
<kw name="Execute Javascript" owner="SeleniumLibrary">
<msg time="2025-07-11T10:29:51.886452" level="INFO">Executing JavaScript:
arguments[0].scrollIntoView({behavior: 'smooth', block: 'center'});
By using argument:
'&lt;selenium.webdriver.remote.webelement.WebElement (session="74b733e88d0b0861ea6ce26822f42539", element="f.CCB5D7B2C5F69E7D0C572D49A12532D0.d.760A0E7E1FBE91632C7AE37734EEDFB1.e.310")&gt;'</msg>
<arg>arguments[0].scrollIntoView({behavior: 'smooth', block: 'center'});</arg>
<arg>ARGUMENTS</arg>
<arg>${element}</arg>
<doc>Executes the given JavaScript code with possible arguments.</doc>
<status status="PASS" start="2025-07-11T10:29:51.885605" elapsed="0.525237"/>
</kw>
<kw name="Sleep" owner="BuiltIn">
<msg time="2025-07-11T10:29:52.912204" level="INFO">Slept 500 milliseconds.</msg>
<arg>0.5s</arg>
<doc>Pauses the test executed for the given time.</doc>
<status status="PASS" start="2025-07-11T10:29:52.411668" elapsed="0.500756"/>
</kw>
<arg>${element}</arg>
<status status="PASS" start="2025-07-11T10:29:51.884958" elapsed="1.027654"/>
</kw>
<kw name="Click Element" owner="SeleniumLibrary">
<msg time="2025-07-11T10:29:52.913435" level="INFO">Clicking element '(//*[text()='Govt Scheme Based Loan'])[4]'.</msg>
<arg>${Footer_GovtSchemeBasedLoan}</arg>
<doc>Click the element identified by ``locator``.</doc>
<status status="PASS" start="2025-07-11T10:29:52.912897" elapsed="1.104100"/>
</kw>
<kw name="Get WebElement" owner="SeleniumLibrary">
<msg time="2025-07-11T10:29:54.538906" level="INFO">${element} = &lt;selenium.webdriver.remote.webelement.WebElement (session="74b733e88d0b0861ea6ce26822f42539", element="f.CCB5D7B2C5F69E7D0C572D49A12532D0.d.760A0E7E1FBE91632C7AE37734EEDFB1.e.322")&gt;</msg>
<var>${element}</var>
<arg>${GovtSchemeBasedLoan}</arg>
<doc>Returns the first WebElement matching the given ``locator``.</doc>
<status status="PASS" start="2025-07-11T10:29:54.017443" elapsed="0.521672"/>
</kw>
<kw name="Scroll To Element" owner="check_EMI_Calculator">
<kw name="Execute Javascript" owner="SeleniumLibrary">
<msg time="2025-07-11T10:29:54.542456" level="INFO">Executing JavaScript:
arguments[0].scrollIntoView({behavior: 'smooth', block: 'center'});
By using argument:
'&lt;selenium.webdriver.remote.webelement.WebElement (session="74b733e88d0b0861ea6ce26822f42539", element="f.CCB5D7B2C5F69E7D0C572D49A12532D0.d.760A0E7E1FBE91632C7AE37734EEDFB1.e.322")&gt;'</msg>
<arg>arguments[0].scrollIntoView({behavior: 'smooth', block: 'center'});</arg>
<arg>ARGUMENTS</arg>
<arg>${element}</arg>
<doc>Executes the given JavaScript code with possible arguments.</doc>
<status status="PASS" start="2025-07-11T10:29:54.541407" elapsed="0.518157"/>
</kw>
<kw name="Sleep" owner="BuiltIn">
<msg time="2025-07-11T10:29:55.560961" level="INFO">Slept 500 milliseconds.</msg>
<arg>0.5s</arg>
<doc>Pauses the test executed for the given time.</doc>
<status status="PASS" start="2025-07-11T10:29:55.059907" elapsed="0.501532"/>
</kw>
<arg>${element}</arg>
<status status="PASS" start="2025-07-11T10:29:54.540314" elapsed="1.021346"/>
</kw>
<kw name="Wait Until Element Is Visible" owner="SeleniumLibrary">
<arg>${GovtSchemeBasedLoan}</arg>
<doc>Waits until the element ``locator`` is visible.</doc>
<status status="PASS" start="2025-07-11T10:29:55.561985" elapsed="1.042947"/>
</kw>
<arg>${Header_Home}</arg>
<arg>${Footer_PersonalLoan}</arg>
<arg>${Footer_HomeLoan}</arg>
<arg>${Footer_EducationLoan}</arg>
<arg>${Footer_AutoLoan}</arg>
<arg>${Footer_BusinessLoan}</arg>
<arg>${Footer_LoanAgainstProperty}</arg>
<arg>${Footer_GoldLoan}</arg>
<arg>${Footer_GovtSchemeBasedLoan}</arg>
<arg>${PersonalLoan}</arg>
<arg>${Homeloan}</arg>
<arg>${EducationLoan}</arg>
<arg>${AutoLoan}</arg>
<arg>${BusinessLoan}</arg>
<arg>${LoanAgainstProperty}</arg>
<arg>${GoldLoan}</arg>
<arg>${GovtSchemeBasedLoan}</arg>
<status status="PASS" start="2025-07-11T10:28:58.415964" elapsed="58.189336"/>
</kw>
<doc>Test Home page navigators in Nidhi Finder</doc>
<status status="PASS" start="2025-07-11T10:28:09.061362" elapsed="107.547324"/>
</test>
<status status="PASS" start="2025-07-11T10:28:09.043052" elapsed="107.567776"/>
</suite>
<status status="PASS" start="2025-07-11T10:26:03.724934" elapsed="232.888018"/>
</suite>
<statistics>
<total>
<stat pass="3" fail="0" skip="0">All Tests</stat>
</total>
<tag>
<stat pass="1" fail="0" skip="0">Calculator</stat>
</tag>
<suite>
<stat name="Testcases" id="s1" pass="3" fail="0" skip="0">Testcases</stat>
<stat name="EMIpage" id="s1-s1" pass="1" fail="0" skip="0">Testcases.EMIpage</stat>
<stat name="LoginTest" id="s1-s2" pass="1" fail="0" skip="0">Testcases.LoginTest</stat>
<stat name="PageNavigation" id="s1-s3" pass="1" fail="0" skip="0">Testcases.PageNavigation</stat>
</suite>
</statistics>
<errors>
<msg time="2025-07-11T10:26:04.151254" level="WARN">Error in file 'C:\Users\Invcuser_71\Desktop\Python_Maghavitta_automation\NidhiFinder_sanity\Pages\check_EMI_Calculator.robot' on line 80: The '[Return]' setting is deprecated. Use the 'RETURN' statement instead.</msg>
</errors>
</robot>
